<?xml version="1.0" encoding="UTF-8"?>
<robot generator="Robot 7.3.2 (Python 3.13.7 on win32)" generated="2025-09-16T02:33:44.730815" rpa="false" schemaversion="5">
<suite id="s1" name="Tests" source="C:\Users\victo\Desktop\COMPASS.UOL\Sprint06\robot-serverest-challenge\tests">
<suite id="s1-s1" name="Login" source="C:\Users\victo\Desktop\COMPASS.UOL\Sprint06\robot-serverest-challenge\tests\login.robot">
<kw name="Iniciar Sessão da API" owner="api_keywords" type="SETUP">
<kw name="Create Session" owner="RequestsLibrary">
<msg time="2025-09-16T02:33:46.298910" level="INFO">Creating Session using : alias=serverest, url=http://3.86.250.45:3000, headers={},                     cookies={}, auth=None, timeout=None, proxies=None, verify=False,                     debug=0 </msg>
<arg>serverest</arg>
<arg>${BASE_URL}</arg>
<doc>Create Session: create a HTTP session to a server</doc>
<status status="PASS" start="2025-09-16T02:33:46.298563" elapsed="0.000675"/>
</kw>
<status status="PASS" start="2025-09-16T02:33:46.296027" elapsed="0.003513"/>
</kw>
<test id="s1-s1-t1" name="CT-010: Realizar login com sucesso" line="8">
<kw name="Email" owner="FakerLibrary">
<msg time="2025-09-16T02:33:46.301509" level="INFO">${email} = cecilia73@example.com</msg>
<var>${email}</var>
<status status="PASS" start="2025-09-16T02:33:46.301080" elapsed="0.000484"/>
</kw>
<kw name="Create Dictionary" owner="BuiltIn">
<msg time="2025-09-16T02:33:46.302683" level="INFO">&amp;{user} = { nome=Usuario Login | email=cecilia73@example.com | password=teste123 | administrador=true }</msg>
<var>&amp;{user}</var>
<arg>nome=Usuario Login</arg>
<arg>email=${email}</arg>
<arg>password=teste123</arg>
<arg>administrador=true</arg>
<doc>Creates and returns a dictionary based on the given ``items``.</doc>
<status status="PASS" start="2025-09-16T02:33:46.301909" elapsed="0.000837"/>
</kw>
<kw name="Cadastrar Novo Usuário via API" owner="api_keywords">
<kw name="POST On Session" owner="RequestsLibrary">
<msg time="2025-09-16T02:33:46.680709" level="INFO">POST Request : url=http://3.86.250.45:3000/usuarios 
 path_url=/usuarios 
 headers={'User-Agent': 'python-requests/2.32.5', 'Accept-Encoding': 'gzip, deflate', 'Accept': '*/*', 'Connection': 'keep-alive', 'Content-Length': '108', 'Content-Type': 'application/json'} 
 body=b'{"nome": "Usuario Login", "email": "cecilia73@example.com", "password": "teste123", "administrador": "true"}' 
 </msg>
<msg time="2025-09-16T02:33:46.681276" level="INFO">POST Response : url=http://3.86.250.45:3000/usuarios 
 status=201, reason=Created 
 headers={'Access-Control-Allow-Origin': '*', 'x-dns-prefetch-control': 'off', 'x-frame-options': 'SAMEORIGIN', 'strict-transport-security': 'max-age=15552000; includeSubDomains', 'x-download-options': 'noopen', 'x-content-type-options': 'nosniff', 'x-xss-protection': '1; mode=block', 'Content-Type': 'application/json; charset=utf-8', 'Content-Length': '82', 'Date': 'Tue, 16 Sep 2025 05:33:46 GMT', 'Connection': 'keep-alive', 'Keep-Alive': 'timeout=5'} 
 body={
    "message": "Cadastro realizado com sucesso",
    "_id": "I7KiWDt3gxtefZKA"
} 
 </msg>
<msg time="2025-09-16T02:33:46.681896" level="INFO">${response} = &lt;Response [201]&gt;</msg>
<var>${response}</var>
<arg>serverest</arg>
<arg>/usuarios</arg>
<arg>json=${user_data}</arg>
<doc>Sends a POST request on a previously created HTTP Session.</doc>
<status status="PASS" start="2025-09-16T02:33:46.303692" elapsed="0.378369"/>
</kw>
<return>
<value>${response}</value>
<status status="PASS" start="2025-09-16T02:33:46.682635" elapsed="0.000224"/>
</return>
<msg time="2025-09-16T02:33:46.683776" level="INFO">${response_create} = &lt;Response [201]&gt;</msg>
<var>${response_create}</var>
<arg>${user}</arg>
<status status="PASS" start="2025-09-16T02:33:46.303174" elapsed="0.380768"/>
</kw>
<kw name="Should Be Equal As Integers" owner="BuiltIn">
<msg time="2025-09-16T02:33:46.689275" level="INFO">Argument types are:
&lt;class 'int'&gt;
&lt;class 'str'&gt;</msg>
<arg>${response_create.status_code}</arg>
<arg>201</arg>
<doc>Fails if objects are unequal after converting them to integers.</doc>
<status status="PASS" start="2025-09-16T02:33:46.685461" elapsed="0.004766"/>
</kw>
<kw name="Create Dictionary" owner="BuiltIn">
<msg time="2025-09-16T02:33:46.693908" level="INFO">&amp;{credentials} = { email=cecilia73@example.com | password=teste123 }</msg>
<var>&amp;{credentials}</var>
<arg>email=${email}</arg>
<arg>password=teste123</arg>
<doc>Creates and returns a dictionary based on the given ``items``.</doc>
<status status="PASS" start="2025-09-16T02:33:46.692198" elapsed="0.001865"/>
</kw>
<kw name="POST On Session" owner="RequestsLibrary">
<msg time="2025-09-16T02:33:46.863582" level="INFO">POST Request : url=http://3.86.250.45:3000/login 
 path_url=/login 
 headers={'User-Agent': 'python-requests/2.32.5', 'Accept-Encoding': 'gzip, deflate', 'Accept': '*/*', 'Connection': 'keep-alive', 'Content-Length': '58', 'Content-Type': 'application/json'} 
 body=b'{"email": "cecilia73@example.com", "password": "teste123"}' 
 </msg>
<msg time="2025-09-16T02:33:46.863697" level="INFO">POST Response : url=http://3.86.250.45:3000/login 
 status=200, reason=OK 
 headers={'Access-Control-Allow-Origin': '*', 'x-dns-prefetch-control': 'off', 'x-frame-options': 'SAMEORIGIN', 'strict-transport-security': 'max-age=15552000; includeSubDomains', 'x-download-options': 'noopen', 'x-content-type-options': 'nosniff', 'x-xss-protection': '1; mode=block', 'Content-Type': 'application/json; charset=utf-8', 'Content-Length': '280', 'Date': 'Tue, 16 Sep 2025 05:33:46 GMT', 'Connection': 'keep-alive', 'Keep-Alive': 'timeout=5'} 
 body={
    "message": "Login realizado com sucesso",
    "authorization": "Bearer eyJhbGciOiJIUzI1NiIsInR5cCI6IkpXVCJ9.eyJlbWFpbCI6ImNlY2lsaWE3M0BleGFtcGxlLmNvbSIsInBhc3N3b3JkIjoidGVzdGUxMjMiLCJpYXQiOjE3NTgwMDA4MjYsImV4cCI6MTc1ODAwMTQyNn0.Z8Jptadf_ATzqC84duWPMjiAUJPEgUN_msDyhqI0xus"
} 
 </msg>
<msg time="2025-09-16T02:33:46.863858" level="INFO">${response} = &lt;Response [200]&gt;</msg>
<var>${response}</var>
<arg>serverest</arg>
<arg>/login</arg>
<arg>json=${credentials}</arg>
<doc>Sends a POST request on a previously created HTTP Session.</doc>
<status status="PASS" start="2025-09-16T02:33:46.696906" elapsed="0.166992"/>
</kw>
<kw name="Should Be Equal As Integers" owner="BuiltIn">
<msg time="2025-09-16T02:33:46.892669" level="INFO">Argument types are:
&lt;class 'int'&gt;
&lt;class 'str'&gt;</msg>
<arg>${response.status_code}</arg>
<arg>200</arg>
<doc>Fails if objects are unequal after converting them to integers.</doc>
<status status="PASS" start="2025-09-16T02:33:46.891844" elapsed="0.000926"/>
</kw>
<kw name="Dictionary Should Contain Key" owner="Collections">
<arg>${response.json()}</arg>
<arg>authorization</arg>
<doc>Fails if ``key`` is not found from ``dictionary``.</doc>
<status status="PASS" start="2025-09-16T02:33:46.939585" elapsed="0.000889"/>
</kw>
<kw name="Should Be Equal As Strings" owner="BuiltIn">
<arg>${response.json()}[message]</arg>
<arg>Login realizado com sucesso</arg>
<doc>Fails if objects are unequal after converting them to strings.</doc>
<status status="PASS" start="2025-09-16T02:33:46.949374" elapsed="0.001449"/>
</kw>
<doc>AC: Usuários existentes e com a senha correta deverão ser autenticados e A autenticação deverá gerar um token Bearer</doc>
<tag>Login</tag>
<tag>US-002</tag>
<status status="PASS" start="2025-09-16T02:33:46.299678" elapsed="0.652422"/>
</test>
<test id="s1-s1-t2" name="CT-011: Tentar login com senha inválida" line="24">
<kw name="Email" owner="FakerLibrary">
<msg time="2025-09-16T02:33:46.993237" level="INFO">${email} = levi05@example.com</msg>
<var>${email}</var>
<status status="PASS" start="2025-09-16T02:33:46.957892" elapsed="0.035424"/>
</kw>
<kw name="Create Dictionary" owner="BuiltIn">
<msg time="2025-09-16T02:33:46.998596" level="INFO">&amp;{user} = { nome=Usuario Senha Errada | email=levi05@example.com | password=teste123 | administrador=true }</msg>
<var>&amp;{user}</var>
<arg>nome=Usuario Senha Errada</arg>
<arg>email=${email}</arg>
<arg>password=teste123</arg>
<arg>administrador=true</arg>
<doc>Creates and returns a dictionary based on the given ``items``.</doc>
<status status="PASS" start="2025-09-16T02:33:46.998120" elapsed="0.000526"/>
</kw>
<kw name="Cadastrar Novo Usuário via API" owner="api_keywords">
<kw name="POST On Session" owner="RequestsLibrary">
<msg time="2025-09-16T02:33:47.155063" level="INFO">POST Request : url=http://3.86.250.45:3000/usuarios 
 path_url=/usuarios 
 headers={'User-Agent': 'python-requests/2.32.5', 'Accept-Encoding': 'gzip, deflate', 'Accept': '*/*', 'Connection': 'keep-alive', 'Content-Length': '112', 'Content-Type': 'application/json'} 
 body=b'{"nome": "Usuario Senha Errada", "email": "levi05@example.com", "password": "teste123", "administrador": "true"}' 
 </msg>
<msg time="2025-09-16T02:33:47.156663" level="INFO">POST Response : url=http://3.86.250.45:3000/usuarios 
 status=201, reason=Created 
 headers={'Access-Control-Allow-Origin': '*', 'x-dns-prefetch-control': 'off', 'x-frame-options': 'SAMEORIGIN', 'strict-transport-security': 'max-age=15552000; includeSubDomains', 'x-download-options': 'noopen', 'x-content-type-options': 'nosniff', 'x-xss-protection': '1; mode=block', 'Content-Type': 'application/json; charset=utf-8', 'Content-Length': '82', 'Date': 'Tue, 16 Sep 2025 05:33:46 GMT', 'Connection': 'keep-alive', 'Keep-Alive': 'timeout=5'} 
 body={
    "message": "Cadastro realizado com sucesso",
    "_id": "tP0u5qgsByrShb9i"
} 
 </msg>
<msg time="2025-09-16T02:33:47.157795" level="INFO">${response} = &lt;Response [201]&gt;</msg>
<var>${response}</var>
<arg>serverest</arg>
<arg>/usuarios</arg>
<arg>json=${user_data}</arg>
<doc>Sends a POST request on a previously created HTTP Session.</doc>
<status status="PASS" start="2025-09-16T02:33:47.000664" elapsed="0.157301"/>
</kw>
<return>
<value>${response}</value>
<status status="PASS" start="2025-09-16T02:33:47.158614" elapsed="0.000237"/>
</return>
<msg time="2025-09-16T02:33:47.159998" level="INFO">${response_create} = &lt;Response [201]&gt;</msg>
<var>${response_create}</var>
<arg>${user}</arg>
<status status="PASS" start="2025-09-16T02:33:46.999925" elapsed="0.160237"/>
</kw>
<kw name="Should Be Equal As Integers" owner="BuiltIn">
<msg time="2025-09-16T02:33:47.163552" level="INFO">Argument types are:
&lt;class 'int'&gt;
&lt;class 'str'&gt;</msg>
<arg>${response_create.status_code}</arg>
<arg>201</arg>
<doc>Fails if objects are unequal after converting them to integers.</doc>
<status status="PASS" start="2025-09-16T02:33:47.161042" elapsed="0.002819"/>
</kw>
<kw name="Create Dictionary" owner="BuiltIn">
<msg time="2025-09-16T02:33:47.167641" level="INFO">&amp;{credentials} = { email=levi05@example.com | password=senhaerrada }</msg>
<var>&amp;{credentials}</var>
<arg>email=${email}</arg>
<arg>password=senhaerrada</arg>
<doc>Creates and returns a dictionary based on the given ``items``.</doc>
<status status="PASS" start="2025-09-16T02:33:47.166112" elapsed="0.001699"/>
</kw>
<kw name="POST On Session" owner="RequestsLibrary">
<msg time="2025-09-16T02:33:47.324951" level="INFO">POST Request : url=http://3.86.250.45:3000/login 
 path_url=/login 
 headers={'User-Agent': 'python-requests/2.32.5', 'Accept-Encoding': 'gzip, deflate', 'Accept': '*/*', 'Connection': 'keep-alive', 'Content-Length': '58', 'Content-Type': 'application/json'} 
 body=b'{"email": "levi05@example.com", "password": "senhaerrada"}' 
 </msg>
<msg time="2025-09-16T02:33:47.325398" level="INFO">POST Response : url=http://3.86.250.45:3000/login 
 status=401, reason=Unauthorized 
 headers={'Access-Control-Allow-Origin': '*', 'x-dns-prefetch-control': 'off', 'x-frame-options': 'SAMEORIGIN', 'strict-transport-security': 'max-age=15552000; includeSubDomains', 'x-download-options': 'noopen', 'x-content-type-options': 'nosniff', 'x-xss-protection': '1; mode=block', 'Content-Type': 'application/json; charset=utf-8', 'Content-Length': '48', 'Date': 'Tue, 16 Sep 2025 05:33:46 GMT', 'Connection': 'keep-alive', 'Keep-Alive': 'timeout=5'} 
 body={
    "message": "Email e/ou senha inválidos"
} 
 </msg>
<msg time="2025-09-16T02:33:47.326026" level="INFO">${response} = &lt;Response [401]&gt;</msg>
<var>${response}</var>
<arg>serverest</arg>
<arg>/login</arg>
<arg>json=${credentials}</arg>
<arg>expected_status=401</arg>
<doc>Sends a POST request on a previously created HTTP Session.</doc>
<status status="PASS" start="2025-09-16T02:33:47.168550" elapsed="0.157652"/>
</kw>
<kw name="Should Be Equal As Integers" owner="BuiltIn">
<msg time="2025-09-16T02:33:47.330598" level="INFO">Argument types are:
&lt;class 'int'&gt;
&lt;class 'str'&gt;</msg>
<arg>${response.status_code}</arg>
<arg>401</arg>
<doc>Fails if objects are unequal after converting them to integers.</doc>
<status status="PASS" start="2025-09-16T02:33:47.328642" elapsed="0.002201"/>
</kw>
<kw name="Should Be Equal As Strings" owner="BuiltIn">
<arg>${response.json()}[message]</arg>
<arg>Email e/ou senha inválidos</arg>
<doc>Fails if objects are unequal after converting them to strings.</doc>
<status status="PASS" start="2025-09-16T02:33:47.331541" elapsed="0.001935"/>
</kw>
<doc>AC: Usuários com senha inválida não deverão conseguir autenticar e No caso de não autenticação, deverá ser retornado um status code 401</doc>
<tag>Login</tag>
<tag>US-002</tag>
<status status="PASS" start="2025-09-16T02:33:46.955821" elapsed="0.378287"/>
</test>
<test id="s1-s1-t3" name="CT-012: Tentar login com usuário não cadastrado" line="39">
<kw name="Email" owner="FakerLibrary">
<msg time="2025-09-16T02:33:47.342127" level="INFO">${email} = fernandoaragao@example.net</msg>
<var>${email}</var>
<status status="PASS" start="2025-09-16T02:33:47.341636" elapsed="0.000567"/>
</kw>
<kw name="Create Dictionary" owner="BuiltIn">
<msg time="2025-09-16T02:33:47.344003" level="INFO">&amp;{credentials} = { email=fernandoaragao@example.net | password=qualquersenha }</msg>
<var>&amp;{credentials}</var>
<arg>email=${email}</arg>
<arg>password=qualquersenha</arg>
<doc>Creates and returns a dictionary based on the given ``items``.</doc>
<status status="PASS" start="2025-09-16T02:33:47.343369" elapsed="0.000709"/>
</kw>
<kw name="POST On Session" owner="RequestsLibrary">
<msg time="2025-09-16T02:33:47.498613" level="INFO">POST Request : url=http://3.86.250.45:3000/login 
 path_url=/login 
 headers={'User-Agent': 'python-requests/2.32.5', 'Accept-Encoding': 'gzip, deflate', 'Accept': '*/*', 'Connection': 'keep-alive', 'Content-Length': '68', 'Content-Type': 'application/json'} 
 body=b'{"email": "fernandoaragao@example.net", "password": "qualquersenha"}' 
 </msg>
<msg time="2025-09-16T02:33:47.499031" level="INFO">POST Response : url=http://3.86.250.45:3000/login 
 status=401, reason=Unauthorized 
 headers={'Access-Control-Allow-Origin': '*', 'x-dns-prefetch-control': 'off', 'x-frame-options': 'SAMEORIGIN', 'strict-transport-security': 'max-age=15552000; includeSubDomains', 'x-download-options': 'noopen', 'x-content-type-options': 'nosniff', 'x-xss-protection': '1; mode=block', 'Content-Type': 'application/json; charset=utf-8', 'Content-Length': '48', 'Date': 'Tue, 16 Sep 2025 05:33:47 GMT', 'Connection': 'keep-alive', 'Keep-Alive': 'timeout=5'} 
 body={
    "message": "Email e/ou senha inválidos"
} 
 </msg>
<msg time="2025-09-16T02:33:47.499655" level="INFO">${response} = &lt;Response [401]&gt;</msg>
<var>${response}</var>
<arg>serverest</arg>
<arg>/login</arg>
<arg>json=${credentials}</arg>
<arg>expected_status=401</arg>
<doc>Sends a POST request on a previously created HTTP Session.</doc>
<status status="PASS" start="2025-09-16T02:33:47.344638" elapsed="0.155222"/>
</kw>
<kw name="Should Be Equal As Integers" owner="BuiltIn">
<msg time="2025-09-16T02:33:47.506148" level="INFO">Argument types are:
&lt;class 'int'&gt;
&lt;class 'str'&gt;</msg>
<arg>${response.status_code}</arg>
<arg>401</arg>
<doc>Fails if objects are unequal after converting them to integers.</doc>
<status status="PASS" start="2025-09-16T02:33:47.502185" elapsed="0.005428"/>
</kw>
<kw name="Should Be Equal As Strings" owner="BuiltIn">
<arg>${response.json()}[message]</arg>
<arg>Email e/ou senha inválidos</arg>
<doc>Fails if objects are unequal after converting them to strings.</doc>
<status status="PASS" start="2025-09-16T02:33:47.509859" elapsed="0.003004"/>
</kw>
<doc>AC: Usuários não cadastrados não deverão conseguir autenticar e No caso de não autenticação, deverá ser retornado um status code 401</doc>
<tag>Login</tag>
<tag>US-002</tag>
<status status="PASS" start="2025-09-16T02:33:47.339244" elapsed="0.174602"/>
</test>
<test id="s1-s1-t4" name="CT-013: Validar tempo de expiração do token" line="48">
<kw name="Email" owner="FakerLibrary">
<msg time="2025-09-16T02:33:47.528176" level="INFO">${email} = albuquerquezoe@example.org</msg>
<var>${email}</var>
<status status="PASS" start="2025-09-16T02:33:47.527431" elapsed="0.000867"/>
</kw>
<kw name="Create Dictionary" owner="BuiltIn">
<msg time="2025-09-16T02:33:47.530936" level="INFO">&amp;{user} = { nome=Usuario Token Expira | email=albuquerquezoe@example.org | password=teste123 | administrador=true }</msg>
<var>&amp;{user}</var>
<arg>nome=Usuario Token Expira</arg>
<arg>email=${email}</arg>
<arg>password=teste123</arg>
<arg>administrador=true</arg>
<doc>Creates and returns a dictionary based on the given ``items``.</doc>
<status status="PASS" start="2025-09-16T02:33:47.530011" elapsed="0.001013"/>
</kw>
<kw name="Cadastrar Novo Usuário via API" owner="api_keywords">
<kw name="POST On Session" owner="RequestsLibrary">
<msg time="2025-09-16T02:33:47.688826" level="INFO">POST Request : url=http://3.86.250.45:3000/usuarios 
 path_url=/usuarios 
 headers={'User-Agent': 'python-requests/2.32.5', 'Accept-Encoding': 'gzip, deflate', 'Accept': '*/*', 'Connection': 'keep-alive', 'Content-Length': '120', 'Content-Type': 'application/json'} 
 body=b'{"nome": "Usuario Token Expira", "email": "albuquerquezoe@example.org", "password": "teste123", "administrador": "true"}' 
 </msg>
<msg time="2025-09-16T02:33:47.689500" level="INFO">POST Response : url=http://3.86.250.45:3000/usuarios 
 status=201, reason=Created 
 headers={'Access-Control-Allow-Origin': '*', 'x-dns-prefetch-control': 'off', 'x-frame-options': 'SAMEORIGIN', 'strict-transport-security': 'max-age=15552000; includeSubDomains', 'x-download-options': 'noopen', 'x-content-type-options': 'nosniff', 'x-xss-protection': '1; mode=block', 'Content-Type': 'application/json; charset=utf-8', 'Content-Length': '82', 'Date': 'Tue, 16 Sep 2025 05:33:47 GMT', 'Connection': 'keep-alive', 'Keep-Alive': 'timeout=5'} 
 body={
    "message": "Cadastro realizado com sucesso",
    "_id": "WALArtwV61bVq6Cl"
} 
 </msg>
<msg time="2025-09-16T02:33:47.690115" level="INFO">${response} = &lt;Response [201]&gt;</msg>
<var>${response}</var>
<arg>serverest</arg>
<arg>/usuarios</arg>
<arg>json=${user_data}</arg>
<doc>Sends a POST request on a previously created HTTP Session.</doc>
<status status="PASS" start="2025-09-16T02:33:47.532645" elapsed="0.157617"/>
</kw>
<return>
<value>${response}</value>
<status status="PASS" start="2025-09-16T02:33:47.690528" elapsed="0.000117"/>
</return>
<msg time="2025-09-16T02:33:47.691374" level="INFO">${response_create} = &lt;Response [201]&gt;</msg>
<var>${response_create}</var>
<arg>${user}</arg>
<status status="PASS" start="2025-09-16T02:33:47.531714" elapsed="0.159780"/>
</kw>
<kw name="Should Be Equal As Integers" owner="BuiltIn">
<msg time="2025-09-16T02:33:47.694008" level="INFO">Argument types are:
&lt;class 'int'&gt;
&lt;class 'str'&gt;</msg>
<arg>${response_create.status_code}</arg>
<arg>201</arg>
<doc>Fails if objects are unequal after converting them to integers.</doc>
<status status="PASS" start="2025-09-16T02:33:47.692347" elapsed="0.001865"/>
</kw>
<kw name="Create Dictionary" owner="BuiltIn">
<msg time="2025-09-16T02:33:47.696156" level="INFO">&amp;{credentials} = { email=albuquerquezoe@example.org | password=teste123 }</msg>
<var>&amp;{credentials}</var>
<arg>email=${email}</arg>
<arg>password=teste123</arg>
<doc>Creates and returns a dictionary based on the given ``items``.</doc>
<status status="PASS" start="2025-09-16T02:33:47.694894" elapsed="0.001402"/>
</kw>
<kw name="POST On Session" owner="RequestsLibrary">
<msg time="2025-09-16T02:33:47.852975" level="INFO">POST Request : url=http://3.86.250.45:3000/login 
 path_url=/login 
 headers={'User-Agent': 'python-requests/2.32.5', 'Accept-Encoding': 'gzip, deflate', 'Accept': '*/*', 'Connection': 'keep-alive', 'Content-Length': '63', 'Content-Type': 'application/json'} 
 body=b'{"email": "albuquerquezoe@example.org", "password": "teste123"}' 
 </msg>
<msg time="2025-09-16T02:33:47.853933" level="INFO">POST Response : url=http://3.86.250.45:3000/login 
 status=200, reason=OK 
 headers={'Access-Control-Allow-Origin': '*', 'x-dns-prefetch-control': 'off', 'x-frame-options': 'SAMEORIGIN', 'strict-transport-security': 'max-age=15552000; includeSubDomains', 'x-download-options': 'noopen', 'x-content-type-options': 'nosniff', 'x-xss-protection': '1; mode=block', 'Content-Type': 'application/json; charset=utf-8', 'Content-Length': '287', 'Date': 'Tue, 16 Sep 2025 05:33:47 GMT', 'Connection': 'keep-alive', 'Keep-Alive': 'timeout=5'} 
 body={
    "message": "Login realizado com sucesso",
    "authorization": "Bearer eyJhbGciOiJIUzI1NiIsInR5cCI6IkpXVCJ9.eyJlbWFpbCI6ImFsYnVxdWVycXVlem9lQGV4YW1wbGUub3JnIiwicGFzc3dvcmQiOiJ0ZXN0ZTEyMyIsImlhdCI6MTc1ODAwMDgyNywiZXhwIjoxNzU4MDAxNDI3fQ.2ackxBnb1Pmpb5tmbfShFJiWOUMn0q0U0C3p8G8Ni5Q"
} 
 </msg>
<msg time="2025-09-16T02:33:47.854935" level="INFO">${response_login} = &lt;Response [200]&gt;</msg>
<var>${response_login}</var>
<arg>serverest</arg>
<arg>/login</arg>
<arg>json=${credentials}</arg>
<doc>Sends a POST request on a previously created HTTP Session.</doc>
<status status="PASS" start="2025-09-16T02:33:47.697176" elapsed="0.157943"/>
</kw>
<kw name="Get From Dictionary" owner="Collections">
<msg time="2025-09-16T02:33:47.863829" level="INFO">${token} = Bearer eyJhbGciOiJIUzI1NiIsInR5cCI6IkpXVCJ9.eyJlbWFpbCI6ImFsYnVxdWVycXVlem9lQGV4YW1wbGUub3JnIiwicGFzc3dvcmQiOiJ0ZXN0ZTEyMyIsImlhdCI6MTc1ODAwMDgyNywiZXhwIjoxNzU4MDAxNDI3fQ.2ackxBnb1Pmpb5tmbfShFJiWOUMn0...</msg>
<var>${token}</var>
<arg>${response_login.json()}</arg>
<arg>authorization</arg>
<doc>Returns a value from the given ``dictionary`` based on the given ``key``.</doc>
<status status="PASS" start="2025-09-16T02:33:47.860381" elapsed="0.003619"/>
</kw>
<kw name="Log To Console" owner="BuiltIn">
<arg>Aguardando 11 minutos para testar expiração do token...</arg>
<doc>Logs the given message to the console.</doc>
<status status="PASS" start="2025-09-16T02:33:47.866120" elapsed="0.003969"/>
</kw>
<kw name="Sleep" owner="BuiltIn">
<msg time="2025-09-16T02:44:47.877333" level="INFO">Slept 11 minutes.</msg>
<arg>660s</arg>
<doc>Pauses the test executed for the given time.</doc>
<status status="PASS" start="2025-09-16T02:33:47.874896" elapsed="660.002755"/>
</kw>
<kw name="Create Dictionary" owner="BuiltIn">
<msg time="2025-09-16T02:44:47.879322" level="INFO">${headers} = {'Authorization': 'Bearer eyJhbGciOiJIUzI1NiIsInR5cCI6IkpXVCJ9.eyJlbWFpbCI6ImFsYnVxdWVycXVlem9lQGV4YW1wbGUub3JnIiwicGFzc3dvcmQiOiJ0ZXN0ZTEyMyIsImlhdCI6MTc1ODAwMDgyNywiZXhwIjoxNzU4MDAxNDI3fQ.2ackxBnb1P...</msg>
<var>${headers}</var>
<arg>Authorization=${token}</arg>
<doc>Creates and returns a dictionary based on the given ``items``.</doc>
<status status="PASS" start="2025-09-16T02:44:47.878866" elapsed="0.000496"/>
</kw>
<kw name="GET On Session" owner="RequestsLibrary">
<msg time="2025-09-16T02:44:48.202488" level="INFO">GET Request : url=http://3.86.250.45:3000/produtos 
 path_url=/produtos 
 headers={'User-Agent': 'python-requests/2.32.5', 'Accept-Encoding': 'gzip, deflate', 'Accept': '*/*', 'Connection': 'keep-alive', 'Authorization': 'Bearer eyJhbGciOiJIUzI1NiIsInR5cCI6IkpXVCJ9.eyJlbWFpbCI6ImFsYnVxdWVycXVlem9lQGV4YW1wbGUub3JnIiwicGFzc3dvcmQiOiJ0ZXN0ZTEyMyIsImlhdCI6MTc1ODAwMDgyNywiZXhwIjoxNzU4MDAxNDI3fQ.2ackxBnb1Pmpb5tmbfShFJiWOUMn0q0U0C3p8G8Ni5Q'} 
 body=None 
 </msg>
<msg time="2025-09-16T02:44:48.202706" level="INFO">GET Response : url=http://3.86.250.45:3000/produtos 
 status=200, reason=OK 
 headers={'Access-Control-Allow-Origin': '*', 'x-dns-prefetch-control': 'off', 'x-frame-options': 'SAMEORIGIN', 'strict-transport-security': 'max-age=15552000; includeSubDomains', 'x-download-options': 'noopen', 'x-content-type-options': 'nosniff', 'x-xss-protection': '1; mode=block', 'Content-Type': 'application/json; charset=utf-8', 'Content-Length': '1061', 'Date': 'Tue, 16 Sep 2025 05:44:47 GMT', 'Connection': 'keep-alive', 'Keep-Alive': 'timeout=5'} 
 body={
    "quantidade": 5,
    "produtos": [
        {
            "nome": "Produto Original PUT 120808",
            "preco": 200,
            "descricao": "Produto original",
            "quantidade": 30,
            "_id": "3FJFb4NCf9aAKef6"
        },
        {
            "nome": "Logitech MX Vertical",
            "preco": 470,
            "descricao": "Mouse",
            "quantidade": 382,
            "_id": "BeeJh5lz3k6kSIzA"
        },
        {
            "nome": "Samsung 60 polegadas",
            "preco": 5240,
            "descricao": "TV",
            "quantidade": 49977,
            "_id": "K6leHdftCeOJj8BJ"
        },
        {
            "nome": "Produto Teste 808744",
            "preco": 500,
            "descricao": "Produto para teste",
            "quantidade": 100,
            "_id": "SAtc1XeqG3dBlovS"
        },
        {
            "nome": "Produto Duplicado 390876",
            "preco": 300,
            "descricao": "Primeiro produto",
            "quantidade": 50,
            "_id": "n1YUg9WXErnyEK6z"
        }
    ]
} 
 </msg>
<msg time="2025-09-16T02:44:48.202958" level="FAIL">Url: http://3.86.250.45:3000/produtos Expected status: 200 != 401</msg>
<var>${response}</var>
<arg>serverest</arg>
<arg>/produtos</arg>
<arg>headers=${headers}</arg>
<arg>expected_status=401</arg>
<doc>Sends a GET request on a previously created HTTP Session.</doc>
<status status="FAIL" start="2025-09-16T02:44:47.879620" elapsed="0.326945">Url: http://3.86.250.45:3000/produtos Expected status: 200 != 401</status>
</kw>
<kw name="Should Be Equal As Integers" owner="BuiltIn">
<arg>${response.status_code}</arg>
<arg>401</arg>
<doc>Fails if objects are unequal after converting them to integers.</doc>
<status status="NOT RUN" start="2025-09-16T02:44:48.207617" elapsed="0.000047"/>
</kw>
<kw name="Should Be Equal As Strings" owner="BuiltIn">
<arg>${response.json()}[message]</arg>
<arg>Token de acesso ausente, inválido, expirado ou usuário do token não existe mais</arg>
<doc>Fails if objects are unequal after converting them to strings.</doc>
<status status="NOT RUN" start="2025-09-16T02:44:48.208105" elapsed="0.000039"/>
</kw>
<doc>AC: A duração da validade do token deverá ser de 10 minutos</doc>
<tag>Login</tag>
<tag>Slow</tag>
<tag>US-002</tag>
<status status="FAIL" start="2025-09-16T02:33:47.518204" elapsed="660.691247">Url: http://3.86.250.45:3000/produtos Expected status: 200 != 401</status>
</test>
<status status="FAIL" start="2025-09-16T02:33:44.784987" elapsed="663.439620"/>
</suite>
<suite id="s1-s2" name="Produtos" source="C:\Users\victo\Desktop\COMPASS.UOL\Sprint06\robot-serverest-challenge\tests\produtos.robot">
<kw name="Setup de Login para Suite de Testes" owner="api_keywords" type="SETUP">
<kw name="Iniciar Sessão da API" owner="api_keywords">
<kw name="Create Session" owner="RequestsLibrary">
<msg time="2025-09-16T02:44:48.259050" level="INFO">Creating Session using : alias=serverest, url=http://3.86.250.45:3000, headers={},                     cookies={}, auth=None, timeout=None, proxies=None, verify=False,                     debug=0 </msg>
<arg>serverest</arg>
<arg>${BASE_URL}</arg>
<doc>Create Session: create a HTTP session to a server</doc>
<status status="PASS" start="2025-09-16T02:44:48.258743" elapsed="0.000917"/>
</kw>
<status status="PASS" start="2025-09-16T02:44:48.258517" elapsed="0.001324"/>
</kw>
<kw name="Name" owner="FakerLibrary">
<msg time="2025-09-16T02:44:48.260424" level="INFO">${random_name} = Julia da Luz</msg>
<var>${random_name}</var>
<doc>:example: 'John Doe'</doc>
<status status="PASS" start="2025-09-16T02:44:48.260083" elapsed="0.000417"/>
</kw>
<kw name="Email" owner="FakerLibrary">
<msg time="2025-09-16T02:44:48.261238" level="INFO">${random_email} = souzajoao-lucas@example.com</msg>
<var>${random_email}</var>
<status status="PASS" start="2025-09-16T02:44:48.260730" elapsed="0.000566"/>
</kw>
<kw name="Password" owner="FakerLibrary">
<msg time="2025-09-16T02:44:48.261931" level="INFO">${random_password} = (DQwMnd888</msg>
<var>${random_password}</var>
<doc>Generate a random password of the specified ``length``.</doc>
<status status="PASS" start="2025-09-16T02:44:48.261528" elapsed="0.000461"/>
</kw>
<kw name="Create Dictionary" owner="BuiltIn">
<msg time="2025-09-16T02:44:48.262806" level="INFO">&amp;{user} = { nome=Julia da Luz | email=souzajoao-lucas@example.com | password=(DQwMnd888 | administrador=true }</msg>
<var>&amp;{user}</var>
<arg>nome=${random_name}</arg>
<arg>email=${random_email}</arg>
<arg>password=${random_password}</arg>
<arg>administrador=true</arg>
<doc>Creates and returns a dictionary based on the given ``items``.</doc>
<status status="PASS" start="2025-09-16T02:44:48.262211" elapsed="0.000653"/>
</kw>
<kw name="Cadastrar Novo Usuário via API" owner="api_keywords">
<kw name="POST On Session" owner="RequestsLibrary">
<msg time="2025-09-16T02:44:48.575269" level="INFO">POST Request : url=http://3.86.250.45:3000/usuarios 
 path_url=/usuarios 
 headers={'User-Agent': 'python-requests/2.32.5', 'Accept-Encoding': 'gzip, deflate', 'Accept': '*/*', 'Connection': 'keep-alive', 'Content-Length': '115', 'Content-Type': 'application/json'} 
 body=b'{"nome": "Julia da Luz", "email": "souzajoao-lucas@example.com", "password": "(DQwMnd888", "administrador": "true"}' 
 </msg>
<msg time="2025-09-16T02:44:48.575395" level="INFO">POST Response : url=http://3.86.250.45:3000/usuarios 
 status=201, reason=Created 
 headers={'Access-Control-Allow-Origin': '*', 'x-dns-prefetch-control': 'off', 'x-frame-options': 'SAMEORIGIN', 'strict-transport-security': 'max-age=15552000; includeSubDomains', 'x-download-options': 'noopen', 'x-content-type-options': 'nosniff', 'x-xss-protection': '1; mode=block', 'Content-Type': 'application/json; charset=utf-8', 'Content-Length': '82', 'Date': 'Tue, 16 Sep 2025 05:44:48 GMT', 'Connection': 'keep-alive', 'Keep-Alive': 'timeout=5'} 
 body={
    "message": "Cadastro realizado com sucesso",
    "_id": "qYDvKPU7qcYKjKNI"
} 
 </msg>
<msg time="2025-09-16T02:44:48.575570" level="INFO">${response} = &lt;Response [201]&gt;</msg>
<var>${response}</var>
<arg>serverest</arg>
<arg>/usuarios</arg>
<arg>json=${user_data}</arg>
<doc>Sends a POST request on a previously created HTTP Session.</doc>
<status status="PASS" start="2025-09-16T02:44:48.263646" elapsed="0.311975"/>
</kw>
<return>
<value>${response}</value>
<status status="PASS" start="2025-09-16T02:44:48.575729" elapsed="0.000058"/>
</return>
<msg time="2025-09-16T02:44:48.576258" level="INFO">${response} = &lt;Response [201]&gt;</msg>
<var>${response}</var>
<arg>${user}</arg>
<status status="PASS" start="2025-09-16T02:44:48.263242" elapsed="0.313092"/>
</kw>
<kw name="Should Be Equal As Integers" owner="BuiltIn">
<msg time="2025-09-16T02:44:48.577438" level="INFO">Argument types are:
&lt;class 'int'&gt;
&lt;class 'str'&gt;</msg>
<arg>${response.status_code}</arg>
<arg>201</arg>
<doc>Fails if objects are unequal after converting them to integers.</doc>
<status status="PASS" start="2025-09-16T02:44:48.576542" elapsed="0.001055"/>
</kw>
<kw name="Create Dictionary" owner="BuiltIn">
<msg time="2025-09-16T02:44:48.578737" level="INFO">${credentials} = {'email': 'souzajoao-lucas@example.com', 'password': '(DQwMnd888'}</msg>
<var>${credentials}</var>
<arg>email=${user}[email]</arg>
<arg>password=${user}[password]</arg>
<doc>Creates and returns a dictionary based on the given ``items``.</doc>
<status status="PASS" start="2025-09-16T02:44:48.577894" elapsed="0.000918"/>
</kw>
<kw name="Realizar Login e Armazenar Token" owner="api_keywords">
<kw name="POST On Session" owner="RequestsLibrary">
<msg time="2025-09-16T02:44:48.742058" level="INFO">POST Request : url=http://3.86.250.45:3000/login 
 path_url=/login 
 headers={'User-Agent': 'python-requests/2.32.5', 'Accept-Encoding': 'gzip, deflate', 'Accept': '*/*', 'Connection': 'keep-alive', 'Content-Length': '66', 'Content-Type': 'application/json'} 
 body=b'{"email": "souzajoao-lucas@example.com", "password": "(DQwMnd888"}' 
 </msg>
<msg time="2025-09-16T02:44:48.742271" level="INFO">POST Response : url=http://3.86.250.45:3000/login 
 status=200, reason=OK 
 headers={'Access-Control-Allow-Origin': '*', 'x-dns-prefetch-control': 'off', 'x-frame-options': 'SAMEORIGIN', 'strict-transport-security': 'max-age=15552000; includeSubDomains', 'x-download-options': 'noopen', 'x-content-type-options': 'nosniff', 'x-xss-protection': '1; mode=block', 'Content-Type': 'application/json; charset=utf-8', 'Content-Length': '291', 'Date': 'Tue, 16 Sep 2025 05:44:48 GMT', 'Connection': 'keep-alive', 'Keep-Alive': 'timeout=5'} 
 body={
    "message": "Login realizado com sucesso",
    "authorization": "Bearer eyJhbGciOiJIUzI1NiIsInR5cCI6IkpXVCJ9.eyJlbWFpbCI6InNvdXpham9hby1sdWNhc0BleGFtcGxlLmNvbSIsInBhc3N3b3JkIjoiKERRd01uZDg4OCIsImlhdCI6MTc1ODAwMTQ4OCwiZXhwIjoxNzU4MDAyMDg4fQ.DrzX8VYwYtJFLy17GwJoLnaUh6u-_OaEh6h3pWSHiGA"
} 
 </msg>
<msg time="2025-09-16T02:44:48.742737" level="INFO">${response} = &lt;Response [200]&gt;</msg>
<var>${response}</var>
<arg>serverest</arg>
<arg>/login</arg>
<arg>json=${credentials}</arg>
<doc>Sends a POST request on a previously created HTTP Session.</doc>
<status status="PASS" start="2025-09-16T02:44:48.579802" elapsed="0.163053"/>
</kw>
<kw name="Should Be Equal As Integers" owner="BuiltIn">
<msg time="2025-09-16T02:44:48.745131" level="INFO">Argument types are:
&lt;class 'int'&gt;
&lt;class 'str'&gt;</msg>
<arg>${response.status_code}</arg>
<arg>200</arg>
<doc>Fails if objects are unequal after converting them to integers.</doc>
<status status="PASS" start="2025-09-16T02:44:48.743410" elapsed="0.002044"/>
</kw>
<kw name="Get From Dictionary" owner="Collections">
<msg time="2025-09-16T02:44:48.747629" level="INFO">${token} = Bearer eyJhbGciOiJIUzI1NiIsInR5cCI6IkpXVCJ9.eyJlbWFpbCI6InNvdXpham9hby1sdWNhc0BleGFtcGxlLmNvbSIsInBhc3N3b3JkIjoiKERRd01uZDg4OCIsImlhdCI6MTc1ODAwMTQ4OCwiZXhwIjoxNzU4MDAyMDg4fQ.DrzX8VYwYtJFLy17GwJoLnaUh...</msg>
<var>${token}</var>
<arg>${response.json()}</arg>
<arg>authorization</arg>
<doc>Returns a value from the given ``dictionary`` based on the given ``key``.</doc>
<status status="PASS" start="2025-09-16T02:44:48.745817" elapsed="0.001900"/>
</kw>
<kw name="Set Suite Variable" owner="BuiltIn">
<msg time="2025-09-16T02:44:48.750068" level="INFO">${AUTH_TOKEN} = Bearer eyJhbGciOiJIUzI1NiIsInR5cCI6IkpXVCJ9.eyJlbWFpbCI6InNvdXpham9hby1sdWNhc0BleGFtcGxlLmNvbSIsInBhc3N3b3JkIjoiKERRd01uZDg4OCIsImlhdCI6MTc1ODAwMTQ4OCwiZXhwIjoxNzU4MDAyMDg4fQ.DrzX8VYwYtJFLy17GwJoLnaUh...</msg>
<arg>${AUTH_TOKEN}</arg>
<arg>${token}</arg>
<doc>Makes a variable available everywhere within the scope of the current suite.</doc>
<status status="PASS" start="2025-09-16T02:44:48.748032" elapsed="0.002197"/>
</kw>
<arg>${credentials}</arg>
<status status="PASS" start="2025-09-16T02:44:48.579362" elapsed="0.171016"/>
</kw>
<status status="PASS" start="2025-09-16T02:44:48.258197" elapsed="0.492270"/>
</kw>
<test id="s1-s2-t1" name="CT-014: Cadastrar produto com sucesso (autenticado)" line="7">
<kw name="Random Number" owner="FakerLibrary">
<msg time="2025-09-16T02:44:48.753014" level="INFO">${unique_id} = 822381</msg>
<var>${unique_id}</var>
<arg>digits=6</arg>
<doc>Generate a random integer according to the following rules:</doc>
<status status="PASS" start="2025-09-16T02:44:48.752062" elapsed="0.001048"/>
</kw>
<kw name="Create Dictionary" owner="BuiltIn">
<msg time="2025-09-16T02:44:48.754173" level="INFO">&amp;{product} = { nome=Produto Teste 822381 | preco=500 | descricao=Produto para teste | quantidade=100 }</msg>
<var>&amp;{product}</var>
<arg>nome=Produto Teste ${unique_id}</arg>
<arg>preco=500</arg>
<arg>descricao=Produto para teste</arg>
<arg>quantidade=100</arg>
<doc>Creates and returns a dictionary based on the given ``items``.</doc>
<status status="PASS" start="2025-09-16T02:44:48.753568" elapsed="0.000670"/>
</kw>
<kw name="Cadastrar Novo Produto via API" owner="api_keywords">
<kw name="Create Dictionary" owner="BuiltIn">
<msg time="2025-09-16T02:44:48.756142" level="INFO">${headers} = {'Authorization': 'Bearer eyJhbGciOiJIUzI1NiIsInR5cCI6IkpXVCJ9.eyJlbWFpbCI6InNvdXpham9hby1sdWNhc0BleGFtcGxlLmNvbSIsInBhc3N3b3JkIjoiKERRd01uZDg4OCIsImlhdCI6MTc1ODAwMTQ4OCwiZXhwIjoxNzU4MDAyMDg4fQ.DrzX8V...</msg>
<var>${headers}</var>
<arg>Authorization=${token}</arg>
<doc>Creates and returns a dictionary based on the given ``items``.</doc>
<status status="PASS" start="2025-09-16T02:44:48.755679" elapsed="0.000525"/>
</kw>
<kw name="POST On Session" owner="RequestsLibrary">
<msg time="2025-09-16T02:44:48.914818" level="INFO">POST Request : url=http://3.86.250.45:3000/produtos 
 path_url=/produtos 
 headers={'User-Agent': 'python-requests/2.32.5', 'Accept-Encoding': 'gzip, deflate', 'Accept': '*/*', 'Connection': 'keep-alive', 'Authorization': 'Bearer eyJhbGciOiJIUzI1NiIsInR5cCI6IkpXVCJ9.eyJlbWFpbCI6InNvdXpham9hby1sdWNhc0BleGFtcGxlLmNvbSIsInBhc3N3b3JkIjoiKERRd01uZDg4OCIsImlhdCI6MTc1ODAwMTQ4OCwiZXhwIjoxNzU4MDAyMDg4fQ.DrzX8VYwYtJFLy17GwJoLnaUh6u-_OaEh6h3pWSHiGA', 'Content-Length': '104', 'Content-Type': 'application/json'} 
 body=b'{"nome": "Produto Teste 822381", "preco": "500", "descricao": "Produto para teste", "quantidade": "100"}' 
 </msg>
<msg time="2025-09-16T02:44:48.914944" level="INFO">POST Response : url=http://3.86.250.45:3000/produtos 
 status=201, reason=Created 
 headers={'Access-Control-Allow-Origin': '*', 'x-dns-prefetch-control': 'off', 'x-frame-options': 'SAMEORIGIN', 'strict-transport-security': 'max-age=15552000; includeSubDomains', 'x-download-options': 'noopen', 'x-content-type-options': 'nosniff', 'x-xss-protection': '1; mode=block', 'Content-Type': 'application/json; charset=utf-8', 'Content-Length': '82', 'Date': 'Tue, 16 Sep 2025 05:44:48 GMT', 'Connection': 'keep-alive', 'Keep-Alive': 'timeout=5'} 
 body={
    "message": "Cadastro realizado com sucesso",
    "_id": "etSZ2pfF2KTkPgtc"
} 
 </msg>
<msg time="2025-09-16T02:44:48.915129" level="INFO">${response} = &lt;Response [201]&gt;</msg>
<var>${response}</var>
<arg>serverest</arg>
<arg>/produtos</arg>
<arg>json=${product_data}</arg>
<arg>headers=${headers}</arg>
<doc>Sends a POST request on a previously created HTTP Session.</doc>
<status status="PASS" start="2025-09-16T02:44:48.756377" elapsed="0.158802"/>
</kw>
<return>
<value>${response}</value>
<status status="PASS" start="2025-09-16T02:44:48.915308" elapsed="0.000058"/>
</return>
<msg time="2025-09-16T02:44:48.915614" level="INFO">${response} = &lt;Response [201]&gt;</msg>
<var>${response}</var>
<arg>${product}</arg>
<arg>${AUTH_TOKEN}</arg>
<status status="PASS" start="2025-09-16T02:44:48.754951" elapsed="0.160822"/>
</kw>
<kw name="Should Be Equal As Integers" owner="BuiltIn">
<msg time="2025-09-16T02:44:48.917115" level="INFO">Argument types are:
&lt;class 'int'&gt;
&lt;class 'str'&gt;</msg>
<arg>${response.status_code}</arg>
<arg>201</arg>
<doc>Fails if objects are unequal after converting them to integers.</doc>
<status status="PASS" start="2025-09-16T02:44:48.916155" elapsed="0.001070"/>
</kw>
<kw name="Should Be Equal As Strings" owner="BuiltIn">
<arg>${response.json()}[message]</arg>
<arg>Cadastro realizado com sucesso</arg>
<doc>Fails if objects are unequal after converting them to strings.</doc>
<status status="PASS" start="2025-09-16T02:44:48.917571" elapsed="0.001004"/>
</kw>
<doc>DoD: CRUD de cadastro de Produtos implementado (CRIAR)</doc>
<tag>Produtos</tag>
<tag>US-003</tag>
<status status="PASS" start="2025-09-16T02:44:48.750817" elapsed="0.168129"/>
</test>
<test id="s1-s2-t2" name="CT-015: Tentar cadastrar produto sem autenticação" line="16">
<kw name="Create Dictionary" owner="BuiltIn">
<msg time="2025-09-16T02:44:48.922181" level="INFO">&amp;{product} = { nome=Produto Sem Token | preco=100 | descricao=Teste sem auth | quantidade=10 }</msg>
<var>&amp;{product}</var>
<arg>nome=Produto Sem Token</arg>
<arg>preco=100</arg>
<arg>descricao=Teste sem auth</arg>
<arg>quantidade=10</arg>
<doc>Creates and returns a dictionary based on the given ``items``.</doc>
<status status="PASS" start="2025-09-16T02:44:48.921550" elapsed="0.000696"/>
</kw>
<kw name="POST On Session" owner="RequestsLibrary">
<msg time="2025-09-16T02:44:49.077391" level="INFO">POST Request : url=http://3.86.250.45:3000/produtos 
 path_url=/produtos 
 headers={'User-Agent': 'python-requests/2.32.5', 'Accept-Encoding': 'gzip, deflate', 'Accept': '*/*', 'Connection': 'keep-alive', 'Content-Length': '96', 'Content-Type': 'application/json'} 
 body=b'{"nome": "Produto Sem Token", "preco": "100", "descricao": "Teste sem auth", "quantidade": "10"}' 
 </msg>
<msg time="2025-09-16T02:44:49.077576" level="INFO">POST Response : url=http://3.86.250.45:3000/produtos 
 status=401, reason=Unauthorized 
 headers={'Access-Control-Allow-Origin': '*', 'x-dns-prefetch-control': 'off', 'x-frame-options': 'SAMEORIGIN', 'strict-transport-security': 'max-age=15552000; includeSubDomains', 'x-download-options': 'noopen', 'x-content-type-options': 'nosniff', 'x-xss-protection': '1; mode=block', 'Content-Type': 'application/json; charset=utf-8', 'Content-Length': '103', 'Date': 'Tue, 16 Sep 2025 05:44:48 GMT', 'Connection': 'keep-alive', 'Keep-Alive': 'timeout=5'} 
 body={
    "message": "Token de acesso ausente, inválido, expirado ou usuário do token não existe mais"
} 
 </msg>
<msg time="2025-09-16T02:44:49.078051" level="INFO">${response} = &lt;Response [401]&gt;</msg>
<var>${response}</var>
<arg>serverest</arg>
<arg>/produtos</arg>
<arg>json=${product}</arg>
<arg>expected_status=401</arg>
<doc>Sends a POST request on a previously created HTTP Session.</doc>
<status status="PASS" start="2025-09-16T02:44:48.924161" elapsed="0.154127"/>
</kw>
<kw name="Should Be Equal As Integers" owner="BuiltIn">
<msg time="2025-09-16T02:44:49.090820" level="INFO">Argument types are:
&lt;class 'int'&gt;
&lt;class 'str'&gt;</msg>
<arg>${response.status_code}</arg>
<arg>401</arg>
<doc>Fails if objects are unequal after converting them to integers.</doc>
<status status="PASS" start="2025-09-16T02:44:49.089955" elapsed="0.000977"/>
</kw>
<kw name="Should Be Equal As Strings" owner="BuiltIn">
<arg>${response.json()}[message]</arg>
<arg>Token de acesso ausente, inválido, expirado ou usuário do token não existe mais</arg>
<doc>Fails if objects are unequal after converting them to strings.</doc>
<status status="PASS" start="2025-09-16T02:44:49.091360" elapsed="0.001020"/>
</kw>
<doc>AC: Usuários não autenticados não devem conseguir realizar ações na rota de Produtos</doc>
<tag>Produtos</tag>
<tag>US-003</tag>
<status status="PASS" start="2025-09-16T02:44:48.920550" elapsed="0.172265"/>
</test>
<test id="s1-s2-t3" name="CT-016: Validar bloqueio de produto com nome duplicado (POST)" line="24">
<kw name="Random Number" owner="FakerLibrary">
<msg time="2025-09-16T02:44:49.099329" level="INFO">${unique_id} = 511296</msg>
<var>${unique_id}</var>
<arg>digits=6</arg>
<doc>Generate a random integer according to the following rules:</doc>
<status status="PASS" start="2025-09-16T02:44:49.097623" elapsed="0.001764"/>
</kw>
<kw name="Create Dictionary" owner="BuiltIn">
<msg time="2025-09-16T02:44:49.100964" level="INFO">&amp;{product} = { nome=Produto Duplicado 511296 | preco=300 | descricao=Primeiro produto | quantidade=50 }</msg>
<var>&amp;{product}</var>
<arg>nome=Produto Duplicado ${unique_id}</arg>
<arg>preco=300</arg>
<arg>descricao=Primeiro produto</arg>
<arg>quantidade=50</arg>
<doc>Creates and returns a dictionary based on the given ``items``.</doc>
<status status="PASS" start="2025-09-16T02:44:49.100271" elapsed="0.000750"/>
</kw>
<kw name="Cadastrar Novo Produto via API" owner="api_keywords">
<kw name="Create Dictionary" owner="BuiltIn">
<msg time="2025-09-16T02:44:49.102834" level="INFO">${headers} = {'Authorization': 'Bearer eyJhbGciOiJIUzI1NiIsInR5cCI6IkpXVCJ9.eyJlbWFpbCI6InNvdXpham9hby1sdWNhc0BleGFtcGxlLmNvbSIsInBhc3N3b3JkIjoiKERRd01uZDg4OCIsImlhdCI6MTc1ODAwMTQ4OCwiZXhwIjoxNzU4MDAyMDg4fQ.DrzX8V...</msg>
<var>${headers}</var>
<arg>Authorization=${token}</arg>
<doc>Creates and returns a dictionary based on the given ``items``.</doc>
<status status="PASS" start="2025-09-16T02:44:49.102454" elapsed="0.000436"/>
</kw>
<kw name="POST On Session" owner="RequestsLibrary">
<msg time="2025-09-16T02:44:49.258750" level="INFO">POST Request : url=http://3.86.250.45:3000/produtos 
 path_url=/produtos 
 headers={'User-Agent': 'python-requests/2.32.5', 'Accept-Encoding': 'gzip, deflate', 'Accept': '*/*', 'Connection': 'keep-alive', 'Authorization': 'Bearer eyJhbGciOiJIUzI1NiIsInR5cCI6IkpXVCJ9.eyJlbWFpbCI6InNvdXpham9hby1sdWNhc0BleGFtcGxlLmNvbSIsInBhc3N3b3JkIjoiKERRd01uZDg4OCIsImlhdCI6MTc1ODAwMTQ4OCwiZXhwIjoxNzU4MDAyMDg4fQ.DrzX8VYwYtJFLy17GwJoLnaUh6u-_OaEh6h3pWSHiGA', 'Content-Length': '105', 'Content-Type': 'application/json'} 
 body=b'{"nome": "Produto Duplicado 511296", "preco": "300", "descricao": "Primeiro produto", "quantidade": "50"}' 
 </msg>
<msg time="2025-09-16T02:44:49.258865" level="INFO">POST Response : url=http://3.86.250.45:3000/produtos 
 status=201, reason=Created 
 headers={'Access-Control-Allow-Origin': '*', 'x-dns-prefetch-control': 'off', 'x-frame-options': 'SAMEORIGIN', 'strict-transport-security': 'max-age=15552000; includeSubDomains', 'x-download-options': 'noopen', 'x-content-type-options': 'nosniff', 'x-xss-protection': '1; mode=block', 'Content-Type': 'application/json; charset=utf-8', 'Content-Length': '82', 'Date': 'Tue, 16 Sep 2025 05:44:48 GMT', 'Connection': 'keep-alive', 'Keep-Alive': 'timeout=5'} 
 body={
    "message": "Cadastro realizado com sucesso",
    "_id": "CC44oklFPzlJdrYX"
} 
 </msg>
<msg time="2025-09-16T02:44:49.259044" level="INFO">${response} = &lt;Response [201]&gt;</msg>
<var>${response}</var>
<arg>serverest</arg>
<arg>/produtos</arg>
<arg>json=${product_data}</arg>
<arg>headers=${headers}</arg>
<doc>Sends a POST request on a previously created HTTP Session.</doc>
<status status="PASS" start="2025-09-16T02:44:49.103070" elapsed="0.156165"/>
</kw>
<return>
<value>${response}</value>
<status status="PASS" start="2025-09-16T02:44:49.259365" elapsed="0.000057"/>
</return>
<msg time="2025-09-16T02:44:49.259688" level="INFO">${response1} = &lt;Response [201]&gt;</msg>
<var>${response1}</var>
<arg>${product}</arg>
<arg>${AUTH_TOKEN}</arg>
<status status="PASS" start="2025-09-16T02:44:49.101827" elapsed="0.157913"/>
</kw>
<kw name="Should Be Equal As Integers" owner="BuiltIn">
<msg time="2025-09-16T02:44:49.266416" level="INFO">Argument types are:
&lt;class 'int'&gt;
&lt;class 'str'&gt;</msg>
<arg>${response1.status_code}</arg>
<arg>201</arg>
<doc>Fails if objects are unequal after converting them to integers.</doc>
<status status="PASS" start="2025-09-16T02:44:49.265507" elapsed="0.001020"/>
</kw>
<kw name="Create Dictionary" owner="BuiltIn">
<msg time="2025-09-16T02:44:49.267634" level="INFO">${headers} = {'Authorization': 'Bearer eyJhbGciOiJIUzI1NiIsInR5cCI6IkpXVCJ9.eyJlbWFpbCI6InNvdXpham9hby1sdWNhc0BleGFtcGxlLmNvbSIsInBhc3N3b3JkIjoiKERRd01uZDg4OCIsImlhdCI6MTc1ODAwMTQ4OCwiZXhwIjoxNzU4MDAyMDg4fQ.DrzX8V...</msg>
<var>${headers}</var>
<arg>Authorization=${AUTH_TOKEN}</arg>
<doc>Creates and returns a dictionary based on the given ``items``.</doc>
<status status="PASS" start="2025-09-16T02:44:49.266917" elapsed="0.000793"/>
</kw>
<kw name="POST On Session" owner="RequestsLibrary">
<msg time="2025-09-16T02:44:49.423803" level="INFO">POST Request : url=http://3.86.250.45:3000/produtos 
 path_url=/produtos 
 headers={'User-Agent': 'python-requests/2.32.5', 'Accept-Encoding': 'gzip, deflate', 'Accept': '*/*', 'Connection': 'keep-alive', 'Authorization': 'Bearer eyJhbGciOiJIUzI1NiIsInR5cCI6IkpXVCJ9.eyJlbWFpbCI6InNvdXpham9hby1sdWNhc0BleGFtcGxlLmNvbSIsInBhc3N3b3JkIjoiKERRd01uZDg4OCIsImlhdCI6MTc1ODAwMTQ4OCwiZXhwIjoxNzU4MDAyMDg4fQ.DrzX8VYwYtJFLy17GwJoLnaUh6u-_OaEh6h3pWSHiGA', 'Content-Length': '105', 'Content-Type': 'application/json'} 
 body=b'{"nome": "Produto Duplicado 511296", "preco": "300", "descricao": "Primeiro produto", "quantidade": "50"}' 
 </msg>
<msg time="2025-09-16T02:44:49.424252" level="INFO">POST Response : url=http://3.86.250.45:3000/produtos 
 status=400, reason=Bad Request 
 headers={'Access-Control-Allow-Origin': '*', 'x-dns-prefetch-control': 'off', 'x-frame-options': 'SAMEORIGIN', 'strict-transport-security': 'max-age=15552000; includeSubDomains', 'x-download-options': 'noopen', 'x-content-type-options': 'nosniff', 'x-xss-protection': '1; mode=block', 'Content-Type': 'application/json; charset=utf-8', 'Content-Length': '53', 'Date': 'Tue, 16 Sep 2025 05:44:49 GMT', 'Connection': 'keep-alive', 'Keep-Alive': 'timeout=5'} 
 body={
    "message": "Já existe produto com esse nome"
} 
 </msg>
<msg time="2025-09-16T02:44:49.424564" level="INFO">${response2} = &lt;Response [400]&gt;</msg>
<var>${response2}</var>
<arg>serverest</arg>
<arg>/produtos</arg>
<arg>json=${product}</arg>
<arg>headers=${headers}</arg>
<arg>expected_status=400</arg>
<doc>Sends a POST request on a previously created HTTP Session.</doc>
<status status="PASS" start="2025-09-16T02:44:49.268322" elapsed="0.156594"/>
</kw>
<kw name="Should Be Equal As Integers" owner="BuiltIn">
<msg time="2025-09-16T02:44:49.429097" level="INFO">Argument types are:
&lt;class 'int'&gt;
&lt;class 'str'&gt;</msg>
<arg>${response2.status_code}</arg>
<arg>400</arg>
<doc>Fails if objects are unequal after converting them to integers.</doc>
<status status="PASS" start="2025-09-16T02:44:49.425863" elapsed="0.004062"/>
</kw>
<kw name="Should Be Equal As Strings" owner="BuiltIn">
<arg>${response2.json()}[message]</arg>
<arg>Já existe produto com esse nome</arg>
<doc>Fails if objects are unequal after converting them to strings.</doc>
<status status="PASS" start="2025-09-16T02:44:49.433922" elapsed="0.002230"/>
</kw>
<doc>AC: Não deve ser possível realizar o cadastro de produtos com nomes já utilizados</doc>
<tag>Produtos</tag>
<tag>US-003</tag>
<status status="PASS" start="2025-09-16T02:44:49.096182" elapsed="0.340497"/>
</test>
<test id="s1-s2-t4" name="CT-017: Validar criação de novo produto ao tentar atualizar com ID inexistente (PUT)" line="40">
<kw name="Random Number" owner="FakerLibrary">
<msg time="2025-09-16T02:44:49.440550" level="INFO">${unique_id} = 327786</msg>
<var>${unique_id}</var>
<arg>digits=6</arg>
<doc>Generate a random integer according to the following rules:</doc>
<status status="PASS" start="2025-09-16T02:44:49.439681" elapsed="0.000960"/>
</kw>
<kw name="Create Dictionary" owner="BuiltIn">
<msg time="2025-09-16T02:44:49.442170" level="INFO">&amp;{product} = { nome=Produto PUT Novo 327786 | preco=400 | descricao=Produto criado via PUT | quantidade=75 }</msg>
<var>&amp;{product}</var>
<arg>nome=Produto PUT Novo ${unique_id}</arg>
<arg>preco=400</arg>
<arg>descricao=Produto criado via PUT</arg>
<arg>quantidade=75</arg>
<doc>Creates and returns a dictionary based on the given ``items``.</doc>
<status status="PASS" start="2025-09-16T02:44:49.441228" elapsed="0.001036"/>
</kw>
<kw name="Create Dictionary" owner="BuiltIn">
<msg time="2025-09-16T02:44:49.444216" level="INFO">${headers} = {'Authorization': 'Bearer eyJhbGciOiJIUzI1NiIsInR5cCI6IkpXVCJ9.eyJlbWFpbCI6InNvdXpham9hby1sdWNhc0BleGFtcGxlLmNvbSIsInBhc3N3b3JkIjoiKERRd01uZDg4OCIsImlhdCI6MTc1ODAwMTQ4OCwiZXhwIjoxNzU4MDAyMDg4fQ.DrzX8V...</msg>
<var>${headers}</var>
<arg>Authorization=${AUTH_TOKEN}</arg>
<doc>Creates and returns a dictionary based on the given ``items``.</doc>
<status status="PASS" start="2025-09-16T02:44:49.442936" elapsed="0.001395"/>
</kw>
<kw name="PUT On Session" owner="RequestsLibrary">
<msg time="2025-09-16T02:44:49.615411" level="INFO">PUT Request : url=http://3.86.250.45:3000/produtos/ID_INEXISTENTE_123 
 path_url=/produtos/ID_INEXISTENTE_123 
 headers={'User-Agent': 'python-requests/2.32.5', 'Accept-Encoding': 'gzip, deflate', 'Accept': '*/*', 'Connection': 'keep-alive', 'Authorization': 'Bearer eyJhbGciOiJIUzI1NiIsInR5cCI6IkpXVCJ9.eyJlbWFpbCI6InNvdXpham9hby1sdWNhc0BleGFtcGxlLmNvbSIsInBhc3N3b3JkIjoiKERRd01uZDg4OCIsImlhdCI6MTc1ODAwMTQ4OCwiZXhwIjoxNzU4MDAyMDg4fQ.DrzX8VYwYtJFLy17GwJoLnaUh6u-_OaEh6h3pWSHiGA', 'Content-Length': '110', 'Content-Type': 'application/json'} 
 body=b'{"nome": "Produto PUT Novo 327786", "preco": "400", "descricao": "Produto criado via PUT", "quantidade": "75"}' 
 </msg>
<msg time="2025-09-16T02:44:49.615987" level="INFO">PUT Response : url=http://3.86.250.45:3000/produtos/ID_INEXISTENTE_123 
 status=400, reason=Bad Request 
 headers={'Access-Control-Allow-Origin': '*', 'x-dns-prefetch-control': 'off', 'x-frame-options': 'SAMEORIGIN', 'strict-transport-security': 'max-age=15552000; includeSubDomains', 'x-download-options': 'noopen', 'x-content-type-options': 'nosniff', 'x-xss-protection': '1; mode=block', 'Content-Type': 'application/json; charset=utf-8', 'Content-Length': '67', 'Date': 'Tue, 16 Sep 2025 05:44:49 GMT', 'Connection': 'keep-alive', 'Keep-Alive': 'timeout=5'} 
 body={
    "id": "id deve ter exatamente 16 caracteres alfanuméricos"
} 
 </msg>
<msg time="2025-09-16T02:44:49.616642" level="FAIL">HTTPError: 400 Client Error: Bad Request for url: http://3.86.250.45:3000/produtos/ID_INEXISTENTE_123</msg>
<var>${response}</var>
<arg>serverest</arg>
<arg>/produtos/ID_INEXISTENTE_123</arg>
<arg>json=${product}</arg>
<arg>headers=${headers}</arg>
<doc>Sends a PUT request on a previously created HTTP Session.</doc>
<status status="FAIL" start="2025-09-16T02:44:49.455382" elapsed="0.168643">HTTPError: 400 Client Error: Bad Request for url: http://3.86.250.45:3000/produtos/ID_INEXISTENTE_123</status>
</kw>
<kw name="Should Be Equal As Integers" owner="BuiltIn">
<arg>${response.status_code}</arg>
<arg>201</arg>
<doc>Fails if objects are unequal after converting them to integers.</doc>
<status status="NOT RUN" start="2025-09-16T02:44:49.625321" elapsed="0.000126"/>
</kw>
<kw name="Should Be Equal As Strings" owner="BuiltIn">
<arg>${response.json()}[message]</arg>
<arg>Cadastro realizado com sucesso</arg>
<doc>Fails if objects are unequal after converting them to strings.</doc>
<status status="NOT RUN" start="2025-09-16T02:44:49.626162" elapsed="0.000081"/>
</kw>
<doc>AC: Caso não exista produto com o ID informado na hora do UPDATE, um novo produto deverá ser criado</doc>
<tag>Produtos</tag>
<tag>US-003</tag>
<status status="FAIL" start="2025-09-16T02:44:49.438268" elapsed="0.188725">HTTPError: 400 Client Error: Bad Request for url: http://3.86.250.45:3000/produtos/ID_INEXISTENTE_123</status>
</test>
<test id="s1-s2-t5" name="CT-018: Validar bloqueio de nome duplicado na criação via PUT" line="50">
<kw name="Random Number" owner="FakerLibrary">
<msg time="2025-09-16T02:44:49.641312" level="INFO">${unique_id} = 838903</msg>
<var>${unique_id}</var>
<arg>digits=6</arg>
<doc>Generate a random integer according to the following rules:</doc>
<status status="PASS" start="2025-09-16T02:44:49.640702" elapsed="0.000687"/>
</kw>
<kw name="Create Dictionary" owner="BuiltIn">
<msg time="2025-09-16T02:44:49.642621" level="INFO">&amp;{product_original} = { nome=Produto Original PUT 838903 | preco=200 | descricao=Produto original | quantidade=30 }</msg>
<var>&amp;{product_original}</var>
<arg>nome=Produto Original PUT ${unique_id}</arg>
<arg>preco=200</arg>
<arg>descricao=Produto original</arg>
<arg>quantidade=30</arg>
<doc>Creates and returns a dictionary based on the given ``items``.</doc>
<status status="PASS" start="2025-09-16T02:44:49.641842" elapsed="0.000855"/>
</kw>
<kw name="Cadastrar Novo Produto via API" owner="api_keywords">
<kw name="Create Dictionary" owner="BuiltIn">
<msg time="2025-09-16T02:44:49.645578" level="INFO">${headers} = {'Authorization': 'Bearer eyJhbGciOiJIUzI1NiIsInR5cCI6IkpXVCJ9.eyJlbWFpbCI6InNvdXpham9hby1sdWNhc0BleGFtcGxlLmNvbSIsInBhc3N3b3JkIjoiKERRd01uZDg4OCIsImlhdCI6MTc1ODAwMTQ4OCwiZXhwIjoxNzU4MDAyMDg4fQ.DrzX8V...</msg>
<var>${headers}</var>
<arg>Authorization=${token}</arg>
<doc>Creates and returns a dictionary based on the given ``items``.</doc>
<status status="PASS" start="2025-09-16T02:44:49.644616" elapsed="0.001054"/>
</kw>
<kw name="POST On Session" owner="RequestsLibrary">
<msg time="2025-09-16T02:44:49.802446" level="INFO">POST Request : url=http://3.86.250.45:3000/produtos 
 path_url=/produtos 
 headers={'User-Agent': 'python-requests/2.32.5', 'Accept-Encoding': 'gzip, deflate', 'Accept': '*/*', 'Connection': 'keep-alive', 'Authorization': 'Bearer eyJhbGciOiJIUzI1NiIsInR5cCI6IkpXVCJ9.eyJlbWFpbCI6InNvdXpham9hby1sdWNhc0BleGFtcGxlLmNvbSIsInBhc3N3b3JkIjoiKERRd01uZDg4OCIsImlhdCI6MTc1ODAwMTQ4OCwiZXhwIjoxNzU4MDAyMDg4fQ.DrzX8VYwYtJFLy17GwJoLnaUh6u-_OaEh6h3pWSHiGA', 'Content-Length': '108', 'Content-Type': 'application/json'} 
 body=b'{"nome": "Produto Original PUT 838903", "preco": "200", "descricao": "Produto original", "quantidade": "30"}' 
 </msg>
<msg time="2025-09-16T02:44:49.802599" level="INFO">POST Response : url=http://3.86.250.45:3000/produtos 
 status=201, reason=Created 
 headers={'Access-Control-Allow-Origin': '*', 'x-dns-prefetch-control': 'off', 'x-frame-options': 'SAMEORIGIN', 'strict-transport-security': 'max-age=15552000; includeSubDomains', 'x-download-options': 'noopen', 'x-content-type-options': 'nosniff', 'x-xss-protection': '1; mode=block', 'Content-Type': 'application/json; charset=utf-8', 'Content-Length': '82', 'Date': 'Tue, 16 Sep 2025 05:44:49 GMT', 'Connection': 'keep-alive', 'Keep-Alive': 'timeout=5'} 
 body={
    "message": "Cadastro realizado com sucesso",
    "_id": "srsyNzwsueamKdLL"
} 
 </msg>
<msg time="2025-09-16T02:44:49.802756" level="INFO">${response} = &lt;Response [201]&gt;</msg>
<var>${response}</var>
<arg>serverest</arg>
<arg>/produtos</arg>
<arg>json=${product_data}</arg>
<arg>headers=${headers}</arg>
<doc>Sends a POST request on a previously created HTTP Session.</doc>
<status status="PASS" start="2025-09-16T02:44:49.645964" elapsed="0.156841"/>
</kw>
<return>
<value>${response}</value>
<status status="PASS" start="2025-09-16T02:44:49.802922" elapsed="0.000055"/>
</return>
<msg time="2025-09-16T02:44:49.803201" level="INFO">${response1} = &lt;Response [201]&gt;</msg>
<var>${response1}</var>
<arg>${product_original}</arg>
<arg>${AUTH_TOKEN}</arg>
<status status="PASS" start="2025-09-16T02:44:49.643412" elapsed="0.159831"/>
</kw>
<kw name="Should Be Equal As Integers" owner="BuiltIn">
<msg time="2025-09-16T02:44:49.805016" level="INFO">Argument types are:
&lt;class 'int'&gt;
&lt;class 'str'&gt;</msg>
<arg>${response1.status_code}</arg>
<arg>201</arg>
<doc>Fails if objects are unequal after converting them to integers.</doc>
<status status="PASS" start="2025-09-16T02:44:49.803947" elapsed="0.001177"/>
</kw>
<kw name="Create Dictionary" owner="BuiltIn">
<msg time="2025-09-16T02:44:49.805981" level="INFO">&amp;{product_duplicado} = { nome=Produto Original PUT 838903 | preco=250 | descricao=Tentativa duplicada | quantidade=40 }</msg>
<var>&amp;{product_duplicado}</var>
<arg>nome=Produto Original PUT ${unique_id}</arg>
<arg>preco=250</arg>
<arg>descricao=Tentativa duplicada</arg>
<arg>quantidade=40</arg>
<doc>Creates and returns a dictionary based on the given ``items``.</doc>
<status status="PASS" start="2025-09-16T02:44:49.805505" elapsed="0.000523"/>
</kw>
<kw name="Create Dictionary" owner="BuiltIn">
<msg time="2025-09-16T02:44:49.806884" level="INFO">${headers} = {'Authorization': 'Bearer eyJhbGciOiJIUzI1NiIsInR5cCI6IkpXVCJ9.eyJlbWFpbCI6InNvdXpham9hby1sdWNhc0BleGFtcGxlLmNvbSIsInBhc3N3b3JkIjoiKERRd01uZDg4OCIsImlhdCI6MTc1ODAwMTQ4OCwiZXhwIjoxNzU4MDAyMDg4fQ.DrzX8V...</msg>
<var>${headers}</var>
<arg>Authorization=${AUTH_TOKEN}</arg>
<doc>Creates and returns a dictionary based on the given ``items``.</doc>
<status status="PASS" start="2025-09-16T02:44:49.806372" elapsed="0.000566"/>
</kw>
<kw name="PUT On Session" owner="RequestsLibrary">
<msg time="2025-09-16T02:44:49.964106" level="INFO">PUT Request : url=http://3.86.250.45:3000/produtos/ID_INEXISTENTE_456 
 path_url=/produtos/ID_INEXISTENTE_456 
 headers={'User-Agent': 'python-requests/2.32.5', 'Accept-Encoding': 'gzip, deflate', 'Accept': '*/*', 'Connection': 'keep-alive', 'Authorization': 'Bearer eyJhbGciOiJIUzI1NiIsInR5cCI6IkpXVCJ9.eyJlbWFpbCI6InNvdXpham9hby1sdWNhc0BleGFtcGxlLmNvbSIsInBhc3N3b3JkIjoiKERRd01uZDg4OCIsImlhdCI6MTc1ODAwMTQ4OCwiZXhwIjoxNzU4MDAyMDg4fQ.DrzX8VYwYtJFLy17GwJoLnaUh6u-_OaEh6h3pWSHiGA', 'Content-Length': '111', 'Content-Type': 'application/json'} 
 body=b'{"nome": "Produto Original PUT 838903", "preco": "250", "descricao": "Tentativa duplicada", "quantidade": "40"}' 
 </msg>
<msg time="2025-09-16T02:44:49.964245" level="INFO">PUT Response : url=http://3.86.250.45:3000/produtos/ID_INEXISTENTE_456 
 status=400, reason=Bad Request 
 headers={'Access-Control-Allow-Origin': '*', 'x-dns-prefetch-control': 'off', 'x-frame-options': 'SAMEORIGIN', 'strict-transport-security': 'max-age=15552000; includeSubDomains', 'x-download-options': 'noopen', 'x-content-type-options': 'nosniff', 'x-xss-protection': '1; mode=block', 'Content-Type': 'application/json; charset=utf-8', 'Content-Length': '67', 'Date': 'Tue, 16 Sep 2025 05:44:49 GMT', 'Connection': 'keep-alive', 'Keep-Alive': 'timeout=5'} 
 body={
    "id": "id deve ter exatamente 16 caracteres alfanuméricos"
} 
 </msg>
<msg time="2025-09-16T02:44:49.964558" level="INFO">${response2} = &lt;Response [400]&gt;</msg>
<var>${response2}</var>
<arg>serverest</arg>
<arg>/produtos/ID_INEXISTENTE_456</arg>
<arg>json=${product_duplicado}</arg>
<arg>headers=${headers}</arg>
<arg>expected_status=400</arg>
<doc>Sends a PUT request on a previously created HTTP Session.</doc>
<status status="PASS" start="2025-09-16T02:44:49.807280" elapsed="0.157326"/>
</kw>
<kw name="Should Be Equal As Integers" owner="BuiltIn">
<msg time="2025-09-16T02:44:49.966114" level="INFO">Argument types are:
&lt;class 'int'&gt;
&lt;class 'str'&gt;</msg>
<arg>${response2.status_code}</arg>
<arg>400</arg>
<doc>Fails if objects are unequal after converting them to integers.</doc>
<status status="PASS" start="2025-09-16T02:44:49.965105" elapsed="0.001108"/>
</kw>
<kw name="Log To Console" owner="BuiltIn">
<arg>\n========================================</arg>
<doc>Logs the given message to the console.</doc>
<status status="PASS" start="2025-09-16T02:44:49.966612" elapsed="0.000912"/>
</kw>
<kw name="Log To Console" owner="BuiltIn">
<arg>✅ CRITÉRIO DE ACEITAÇÃO IMPLEMENTADO</arg>
<doc>Logs the given message to the console.</doc>
<status status="PASS" start="2025-09-16T02:44:49.968199" elapsed="0.000409"/>
</kw>
<kw name="Log To Console" owner="BuiltIn">
<arg>========================================</arg>
<doc>Logs the given message to the console.</doc>
<status status="PASS" start="2025-09-16T02:44:49.969185" elapsed="0.000844"/>
</kw>
<kw name="Log To Console" owner="BuiltIn">
<arg>📋 US-003: [API] Produtos</arg>
<doc>Logs the given message to the console.</doc>
<status status="PASS" start="2025-09-16T02:44:49.970349" elapsed="0.001272"/>
</kw>
<kw name="Log To Console" owner="BuiltIn">
<arg>🔍 CT-018: Validar bloqueio de nome duplicado na criação via PUT</arg>
<doc>Logs the given message to the console.</doc>
<status status="PASS" start="2025-09-16T02:44:49.971956" elapsed="0.000705"/>
</kw>
<kw name="Log To Console" owner="BuiltIn">
<arg>📝 AC: "Produtos criados através do PUT não poderão ter nomes previamente cadastrados"</arg>
<doc>Logs the given message to the console.</doc>
<status status="PASS" start="2025-09-16T02:44:49.972973" elapsed="0.000491"/>
</kw>
<kw name="Log To Console" owner="BuiltIn">
<arg>✅ Comportamento Real: API bloqueia nomes duplicados no PUT</arg>
<doc>Logs the given message to the console.</doc>
<status status="PASS" start="2025-09-16T02:44:49.973795" elapsed="0.000377"/>
</kw>
<kw name="Log To Console" owner="BuiltIn">
<arg>💡 Status: IMPLEMENTADO CORRETAMENTE</arg>
<doc>Logs the given message to the console.</doc>
<status status="PASS" start="2025-09-16T02:44:49.974543" elapsed="0.000419"/>
</kw>
<kw name="Log To Console" owner="BuiltIn">
<arg>========================================</arg>
<doc>Logs the given message to the console.</doc>
<status status="PASS" start="2025-09-16T02:44:49.975339" elapsed="0.000402"/>
</kw>
<doc>AC: Produtos criados através do PUT não poderão ter nomes previamente cadastrados</doc>
<tag>Produtos</tag>
<tag>US-003</tag>
<status status="PASS" start="2025-09-16T02:44:49.639012" elapsed="0.337297"/>
</test>
<test id="s1-s2-t6" name="CT-019: Validar exclusão de produto que está em um carrinho (a fazer)" line="75">
<kw name="Log To Console" owner="BuiltIn">
<arg>TESTE PENDENTE: Aguardando implementação da API de Carrinhos</arg>
<doc>Logs the given message to the console.</doc>
<status status="PASS" start="2025-09-16T02:44:49.981335" elapsed="0.002157"/>
</kw>
<kw name="Skip" owner="BuiltIn">
<msg time="2025-09-16T02:44:49.984277" level="SKIP">Teste bloqueado - depende da API de Carrinhos</msg>
<arg>Teste bloqueado - depende da API de Carrinhos</arg>
<doc>Skips the rest of the current test.</doc>
<status status="SKIP" start="2025-09-16T02:44:49.983944" elapsed="0.000479">Teste bloqueado - depende da API de Carrinhos</status>
</kw>
<doc>AC: Não deve ser possível excluir produtos que estão dentro de carrinhos - TESTE PENDENTE: Depende da API de Carrinhos</doc>
<tag>Pendente</tag>
<tag>Produtos</tag>
<tag>US-003</tag>
<status status="SKIP" start="2025-09-16T02:44:49.977352" elapsed="0.007811">Teste bloqueado - depende da API de Carrinhos</status>
</test>
<status status="FAIL" start="2025-09-16T02:44:48.232366" elapsed="1.756444"/>
</suite>
<suite id="s1-s3" name="Usuarios" source="C:\Users\victo\Desktop\COMPASS.UOL\Sprint06\robot-serverest-challenge\tests\usuarios.robot">
<kw name="Iniciar Sessão da API" owner="api_keywords" type="SETUP">
<kw name="Create Session" owner="RequestsLibrary">
<msg time="2025-09-16T02:44:50.005939" level="INFO">Creating Session using : alias=serverest, url=http://3.86.250.45:3000, headers={},                     cookies={}, auth=None, timeout=None, proxies=None, verify=False,                     debug=0 </msg>
<arg>serverest</arg>
<arg>${BASE_URL}</arg>
<doc>Create Session: create a HTTP session to a server</doc>
<status status="PASS" start="2025-09-16T02:44:50.005711" elapsed="0.000506"/>
</kw>
<status status="PASS" start="2025-09-16T02:44:50.005425" elapsed="0.000937"/>
</kw>
<test id="s1-s3-t1" name="CT-001: Cadastrar usuário com sucesso" line="7">
<kw name="Email" owner="FakerLibrary">
<msg time="2025-09-16T02:44:50.007838" level="INFO">${email} = trezende@example.net</msg>
<var>${email}</var>
<status status="PASS" start="2025-09-16T02:44:50.007522" elapsed="0.000374"/>
</kw>
<kw name="Create Dictionary" owner="BuiltIn">
<msg time="2025-09-16T02:44:50.008593" level="INFO">&amp;{user} = { nome=Robot Framework User | email=trezende@example.net | password=teste123 | administrador=true }</msg>
<var>&amp;{user}</var>
<arg>nome=Robot Framework User</arg>
<arg>email=${email}</arg>
<arg>password=teste123</arg>
<arg>administrador=true</arg>
<doc>Creates and returns a dictionary based on the given ``items``.</doc>
<status status="PASS" start="2025-09-16T02:44:50.008198" elapsed="0.000441"/>
</kw>
<kw name="Cadastrar Novo Usuário via API" owner="api_keywords">
<kw name="POST On Session" owner="RequestsLibrary">
<msg time="2025-09-16T02:44:50.317280" level="INFO">POST Request : url=http://3.86.250.45:3000/usuarios 
 path_url=/usuarios 
 headers={'User-Agent': 'python-requests/2.32.5', 'Accept-Encoding': 'gzip, deflate', 'Accept': '*/*', 'Connection': 'keep-alive', 'Content-Length': '114', 'Content-Type': 'application/json'} 
 body=b'{"nome": "Robot Framework User", "email": "trezende@example.net", "password": "teste123", "administrador": "true"}' 
 </msg>
<msg time="2025-09-16T02:44:50.318963" level="INFO">POST Response : url=http://3.86.250.45:3000/usuarios 
 status=201, reason=Created 
 headers={'Access-Control-Allow-Origin': '*', 'x-dns-prefetch-control': 'off', 'x-frame-options': 'SAMEORIGIN', 'strict-transport-security': 'max-age=15552000; includeSubDomains', 'x-download-options': 'noopen', 'x-content-type-options': 'nosniff', 'x-xss-protection': '1; mode=block', 'Content-Type': 'application/json; charset=utf-8', 'Content-Length': '82', 'Date': 'Tue, 16 Sep 2025 05:44:49 GMT', 'Connection': 'keep-alive', 'Keep-Alive': 'timeout=5'} 
 body={
    "message": "Cadastro realizado com sucesso",
    "_id": "KfZCygvLTQjZWKMg"
} 
 </msg>
<msg time="2025-09-16T02:44:50.321068" level="INFO">${response} = &lt;Response [201]&gt;</msg>
<var>${response}</var>
<arg>serverest</arg>
<arg>/usuarios</arg>
<arg>json=${user_data}</arg>
<doc>Sends a POST request on a previously created HTTP Session.</doc>
<status status="PASS" start="2025-09-16T02:44:50.009544" elapsed="0.311919"/>
</kw>
<return>
<value>${response}</value>
<status status="PASS" start="2025-09-16T02:44:50.322112" elapsed="0.000150"/>
</return>
<msg time="2025-09-16T02:44:50.323079" level="INFO">${response} = &lt;Response [201]&gt;</msg>
<var>${response}</var>
<arg>${user}</arg>
<status status="PASS" start="2025-09-16T02:44:50.009120" elapsed="0.314103"/>
</kw>
<kw name="Should Be Equal As Integers" owner="BuiltIn">
<msg time="2025-09-16T02:44:50.327050" level="INFO">Argument types are:
&lt;class 'int'&gt;
&lt;class 'str'&gt;</msg>
<arg>${response.status_code}</arg>
<arg>201</arg>
<doc>Fails if objects are unequal after converting them to integers.</doc>
<status status="PASS" start="2025-09-16T02:44:50.324405" elapsed="0.002953"/>
</kw>
<kw name="Should Be Equal As Strings" owner="BuiltIn">
<arg>${response.json()}[message]</arg>
<arg>Cadastro realizado com sucesso</arg>
<doc>Fails if objects are unequal after converting them to strings.</doc>
<status status="PASS" start="2025-09-16T02:44:50.328973" elapsed="0.003910"/>
</kw>
<doc>AC: Os vendedores (usuários) deverão possuir os campos NOME, E-MAIL, PASSWORD e ADMINISTRADOR</doc>
<tag>US-001</tag>
<tag>Usuarios</tag>
<status status="PASS" start="2025-09-16T02:44:50.006462" elapsed="0.327136"/>
</test>
<test id="s1-s3-t2" name="CT-002: Validar bloqueio de e-mail duplicado no cadastro (POST)" line="16">
<kw name="Email" owner="FakerLibrary">
<msg time="2025-09-16T02:44:50.343802" level="INFO">${email} = lavinia16@example.org</msg>
<var>${email}</var>
<status status="PASS" start="2025-09-16T02:44:50.343101" elapsed="0.000821"/>
</kw>
<kw name="Create Dictionary" owner="BuiltIn">
<msg time="2025-09-16T02:44:50.347351" level="INFO">&amp;{user} = { nome=Usuario Original | email=lavinia16@example.org | password=teste123 | administrador=true }</msg>
<var>&amp;{user}</var>
<arg>nome=Usuario Original</arg>
<arg>email=${email}</arg>
<arg>password=teste123</arg>
<arg>administrador=true</arg>
<doc>Creates and returns a dictionary based on the given ``items``.</doc>
<status status="PASS" start="2025-09-16T02:44:50.344555" elapsed="0.002883"/>
</kw>
<kw name="Cadastrar Novo Usuário via API" owner="api_keywords">
<kw name="POST On Session" owner="RequestsLibrary">
<msg time="2025-09-16T02:44:50.511210" level="INFO">POST Request : url=http://3.86.250.45:3000/usuarios 
 path_url=/usuarios 
 headers={'User-Agent': 'python-requests/2.32.5', 'Accept-Encoding': 'gzip, deflate', 'Accept': '*/*', 'Connection': 'keep-alive', 'Content-Length': '111', 'Content-Type': 'application/json'} 
 body=b'{"nome": "Usuario Original", "email": "lavinia16@example.org", "password": "teste123", "administrador": "true"}' 
 </msg>
<msg time="2025-09-16T02:44:50.511924" level="INFO">POST Response : url=http://3.86.250.45:3000/usuarios 
 status=201, reason=Created 
 headers={'Access-Control-Allow-Origin': '*', 'x-dns-prefetch-control': 'off', 'x-frame-options': 'SAMEORIGIN', 'strict-transport-security': 'max-age=15552000; includeSubDomains', 'x-download-options': 'noopen', 'x-content-type-options': 'nosniff', 'x-xss-protection': '1; mode=block', 'Content-Type': 'application/json; charset=utf-8', 'Content-Length': '82', 'Date': 'Tue, 16 Sep 2025 05:44:50 GMT', 'Connection': 'keep-alive', 'Keep-Alive': 'timeout=5'} 
 body={
    "message": "Cadastro realizado com sucesso",
    "_id": "PIHB7o0XWeQVBwod"
} 
 </msg>
<msg time="2025-09-16T02:44:50.512600" level="INFO">${response} = &lt;Response [201]&gt;</msg>
<var>${response}</var>
<arg>serverest</arg>
<arg>/usuarios</arg>
<arg>json=${user_data}</arg>
<doc>Sends a POST request on a previously created HTTP Session.</doc>
<status status="PASS" start="2025-09-16T02:44:50.356358" elapsed="0.156411"/>
</kw>
<return>
<value>${response}</value>
<status status="PASS" start="2025-09-16T02:44:50.514465" elapsed="0.000182"/>
</return>
<msg time="2025-09-16T02:44:50.515865" level="INFO">${response1} = &lt;Response [201]&gt;</msg>
<var>${response1}</var>
<arg>${user}</arg>
<status status="PASS" start="2025-09-16T02:44:50.355718" elapsed="0.160332"/>
</kw>
<kw name="Should Be Equal As Integers" owner="BuiltIn">
<msg time="2025-09-16T02:44:50.528831" level="INFO">Argument types are:
&lt;class 'int'&gt;
&lt;class 'str'&gt;</msg>
<arg>${response1.status_code}</arg>
<arg>201</arg>
<doc>Fails if objects are unequal after converting them to integers.</doc>
<status status="PASS" start="2025-09-16T02:44:50.525779" elapsed="0.003342"/>
</kw>
<kw name="POST On Session" owner="RequestsLibrary">
<msg time="2025-09-16T02:44:50.695432" level="INFO">POST Request : url=http://3.86.250.45:3000/usuarios 
 path_url=/usuarios 
 headers={'User-Agent': 'python-requests/2.32.5', 'Accept-Encoding': 'gzip, deflate', 'Accept': '*/*', 'Connection': 'keep-alive', 'Content-Length': '111', 'Content-Type': 'application/json'} 
 body=b'{"nome": "Usuario Original", "email": "lavinia16@example.org", "password": "teste123", "administrador": "true"}' 
 </msg>
<msg time="2025-09-16T02:44:50.695958" level="INFO">POST Response : url=http://3.86.250.45:3000/usuarios 
 status=400, reason=Bad Request 
 headers={'Access-Control-Allow-Origin': '*', 'x-dns-prefetch-control': 'off', 'x-frame-options': 'SAMEORIGIN', 'strict-transport-security': 'max-age=15552000; includeSubDomains', 'x-download-options': 'noopen', 'x-content-type-options': 'nosniff', 'x-xss-protection': '1; mode=block', 'Content-Type': 'application/json; charset=utf-8', 'Content-Length': '53', 'Date': 'Tue, 16 Sep 2025 05:44:50 GMT', 'Connection': 'keep-alive', 'Keep-Alive': 'timeout=5'} 
 body={
    "message": "Este email já está sendo usado"
} 
 </msg>
<msg time="2025-09-16T02:44:50.696530" level="INFO">${response2} = &lt;Response [400]&gt;</msg>
<var>${response2}</var>
<arg>serverest</arg>
<arg>/usuarios</arg>
<arg>json=${user}</arg>
<arg>expected_status=400</arg>
<doc>Sends a POST request on a previously created HTTP Session.</doc>
<status status="PASS" start="2025-09-16T02:44:50.539060" elapsed="0.158215"/>
</kw>
<kw name="Should Be Equal As Integers" owner="BuiltIn">
<msg time="2025-09-16T02:44:50.708244" level="INFO">Argument types are:
&lt;class 'int'&gt;
&lt;class 'str'&gt;</msg>
<arg>${response2.status_code}</arg>
<arg>400</arg>
<doc>Fails if objects are unequal after converting them to integers.</doc>
<status status="PASS" start="2025-09-16T02:44:50.706255" elapsed="0.002209"/>
</kw>
<kw name="Should Be Equal As Strings" owner="BuiltIn">
<arg>${response2.json()}[message]</arg>
<arg>Este email já está sendo usado</arg>
<doc>Fails if objects are unequal after converting them to strings.</doc>
<status status="PASS" start="2025-09-16T02:44:50.709579" elapsed="0.001798"/>
</kw>
<doc>AC: Não deve ser possível criar um usuário com e-mail já utilizado</doc>
<tag>US-001</tag>
<tag>Usuarios</tag>
<status status="PASS" start="2025-09-16T02:44:50.341146" elapsed="0.371127"/>
</test>
<test id="s1-s3-t3" name="CT-003: Validar bloqueio de provedores de e-mail não permitidos" line="28">
<kw name="Random Number" owner="FakerLibrary">
<msg time="2025-09-16T02:44:50.722236" level="INFO">${unique_id} = 642155</msg>
<var>${unique_id}</var>
<arg>digits=6</arg>
<doc>Generate a random integer according to the following rules:</doc>
<status status="PASS" start="2025-09-16T02:44:50.721634" elapsed="0.000682"/>
</kw>
<kw name="Create Dictionary" owner="BuiltIn">
<msg time="2025-09-16T02:44:50.723754" level="INFO">&amp;{user_gmail} = { nome=Usuario Gmail 642155 | email=teste642155@gmail.com | password=teste123 | administrador=true }</msg>
<var>&amp;{user_gmail}</var>
<arg>nome=Usuario Gmail ${unique_id}</arg>
<arg>email=teste${unique_id}@gmail.com</arg>
<arg>password=teste123</arg>
<arg>administrador=true</arg>
<doc>Creates and returns a dictionary based on the given ``items``.</doc>
<status status="PASS" start="2025-09-16T02:44:50.722935" elapsed="0.000891"/>
</kw>
<kw name="POST On Session" owner="RequestsLibrary">
<msg time="2025-09-16T02:44:50.879349" level="INFO">POST Request : url=http://3.86.250.45:3000/usuarios 
 path_url=/usuarios 
 headers={'User-Agent': 'python-requests/2.32.5', 'Accept-Encoding': 'gzip, deflate', 'Accept': '*/*', 'Connection': 'keep-alive', 'Content-Length': '115', 'Content-Type': 'application/json'} 
 body=b'{"nome": "Usuario Gmail 642155", "email": "teste642155@gmail.com", "password": "teste123", "administrador": "true"}' 
 </msg>
<msg time="2025-09-16T02:44:50.880103" level="INFO">POST Response : url=http://3.86.250.45:3000/usuarios 
 status=201, reason=Created 
 headers={'Access-Control-Allow-Origin': '*', 'x-dns-prefetch-control': 'off', 'x-frame-options': 'SAMEORIGIN', 'strict-transport-security': 'max-age=15552000; includeSubDomains', 'x-download-options': 'noopen', 'x-content-type-options': 'nosniff', 'x-xss-protection': '1; mode=block', 'Content-Type': 'application/json; charset=utf-8', 'Content-Length': '82', 'Date': 'Tue, 16 Sep 2025 05:44:50 GMT', 'Connection': 'keep-alive', 'Keep-Alive': 'timeout=5'} 
 body={
    "message": "Cadastro realizado com sucesso",
    "_id": "V8GEuZ02Lzwg0nUC"
} 
 </msg>
<msg time="2025-09-16T02:44:50.880771" level="FAIL">Url: http://3.86.250.45:3000/usuarios Expected status: 201 != 400</msg>
<var>${response1}</var>
<arg>serverest</arg>
<arg>/usuarios</arg>
<arg>json=${user_gmail}</arg>
<arg>expected_status=400</arg>
<doc>Sends a POST request on a previously created HTTP Session.</doc>
<status status="FAIL" start="2025-09-16T02:44:50.724298" elapsed="0.169022">Url: http://3.86.250.45:3000/usuarios Expected status: 201 != 400</status>
</kw>
<kw name="Should Be Equal As Integers" owner="BuiltIn">
<arg>${response1.status_code}</arg>
<arg>400</arg>
<doc>Fails if objects are unequal after converting them to integers.</doc>
<status status="NOT RUN" start="2025-09-16T02:44:50.894538" elapsed="0.000111"/>
</kw>
<kw name="Create Dictionary" owner="BuiltIn">
<var>&amp;{user_hotmail}</var>
<arg>nome=Usuario Hotmail ${unique_id}</arg>
<arg>email=teste${unique_id}@hotmail.com</arg>
<arg>password=teste123</arg>
<arg>administrador=true</arg>
<doc>Creates and returns a dictionary based on the given ``items``.</doc>
<status status="NOT RUN" start="2025-09-16T02:44:50.896309" elapsed="0.000164"/>
</kw>
<kw name="POST On Session" owner="RequestsLibrary">
<var>${response2}</var>
<arg>serverest</arg>
<arg>/usuarios</arg>
<arg>json=${user_hotmail}</arg>
<arg>expected_status=400</arg>
<doc>Sends a POST request on a previously created HTTP Session.</doc>
<status status="NOT RUN" start="2025-09-16T02:44:50.900686" elapsed="0.000731"/>
</kw>
[...]
 body={
    "message": "Cadastro realizado com sucesso",
    "_id": "Ocwtn1iZbGVZMCnr"
} 
 </msg>
<msg time="2025-09-16T02:44:51.774847" level="FAIL">Url: http://3.86.250.45:3000/usuarios Expected status: 201 != 400</msg>
<var>${response}</var>
<arg>serverest</arg>
<arg>/usuarios</arg>
<arg>json=${user}</arg>
<arg>expected_status=400</arg>
<doc>Sends a POST request on a previously created HTTP Session.</doc>
<status status="FAIL" start="2025-09-16T02:44:51.620576" elapsed="0.156379">Url: http://3.86.250.45:3000/usuarios Expected status: 201 != 400</status>
</kw>
<kw name="Should Be Equal As Integers" owner="BuiltIn">
<arg>${response.status_code}</arg>
<arg>400</arg>
<doc>Fails if objects are unequal after converting them to integers.</doc>
<status status="NOT RUN" start="2025-09-16T02:44:51.777553" elapsed="0.000079"/>
</kw>
<doc>AC: As senhas devem possuír no mínimo 5 caracteres e no máximo 10 caracteres</doc>
<tag>US-001</tag>
<tag>Usuarios</tag>
<status status="FAIL" start="2025-09-16T02:44:51.611924" elapsed="0.166347">Url: http://3.86.250.45:3000/usuarios Expected status: 201 != 400</status>
</test>
<test id="s1-s3-t7" name="CT-007: Validar regra de senha (máximo de 10 caracteres)" line="73">
<kw name="Email" owner="FakerLibrary">
<msg time="2025-09-16T02:44:51.789498" level="INFO">${email} = da-rochamaria-luiza@example.net</msg>
<var>${email}</var>
<status status="PASS" start="2025-09-16T02:44:51.789051" elapsed="0.000509"/>
</kw>
<kw name="Create Dictionary" owner="BuiltIn">
<msg time="2025-09-16T02:44:51.790803" level="INFO">&amp;{user} = { nome=Usuario Senha Longa | email=da-rochamaria-luiza@example.net | password=12345678901 | administrador=true }</msg>
<var>&amp;{user}</var>
<arg>nome=Usuario Senha Longa</arg>
<arg>email=${email}</arg>
<arg>password=12345678901</arg>
<arg>administrador=true</arg>
<doc>Creates and returns a dictionary based on the given ``items``.</doc>
<status status="PASS" start="2025-09-16T02:44:51.790212" elapsed="0.000663"/>
</kw>
<kw name="POST On Session" owner="RequestsLibrary">
<msg time="2025-09-16T02:44:51.945337" level="INFO">POST Request : url=http://3.86.250.45:3000/usuarios 
 path_url=/usuarios 
 headers={'User-Agent': 'python-requests/2.32.5', 'Accept-Encoding': 'gzip, deflate', 'Accept': '*/*', 'Connection': 'keep-alive', 'Content-Length': '127', 'Content-Type': 'application/json'} 
 body=b'{"nome": "Usuario Senha Longa", "email": "da-rochamaria-luiza@example.net", "password": "12345678901", "administrador": "true"}' 
 </msg>
<msg time="2025-09-16T02:44:51.945484" level="INFO">POST Response : url=http://3.86.250.45:3000/usuarios 
 status=201, reason=Created 
 headers={'Access-Control-Allow-Origin': '*', 'x-dns-prefetch-control': 'off', 'x-frame-options': 'SAMEORIGIN', 'strict-transport-security': 'max-age=15552000; includeSubDomains', 'x-download-options': 'noopen', 'x-content-type-options': 'nosniff', 'x-xss-protection': '1; mode=block', 'Content-Type': 'application/json; charset=utf-8', 'Content-Length': '82', 'Date': 'Tue, 16 Sep 2025 05:44:51 GMT', 'Connection': 'keep-alive', 'Keep-Alive': 'timeout=5'} 
 body={
    "message": "Cadastro realizado com sucesso",
    "_id": "M3ZuKHh7AfcYLuvk"
} 
 </msg>
<msg time="2025-09-16T02:44:51.945802" level="FAIL">Url: http://3.86.250.45:3000/usuarios Expected status: 201 != 400</msg>
<var>${response}</var>
<arg>serverest</arg>
<arg>/usuarios</arg>
<arg>json=${user}</arg>
<arg>expected_status=400</arg>
<doc>Sends a POST request on a previously created HTTP Session.</doc>
<status status="FAIL" start="2025-09-16T02:44:51.791349" elapsed="0.159918">Url: http://3.86.250.45:3000/usuarios Expected status: 201 != 400</status>
</kw>
<kw name="Should Be Equal As Integers" owner="BuiltIn">
<arg>${response.status_code}</arg>
<arg>400</arg>
<doc>Fails if objects are unequal after converting them to integers.</doc>
<status status="NOT RUN" start="2025-09-16T02:44:51.953546" elapsed="0.000088"/>
</kw>
<doc>AC: As senhas devem possuír no mínimo 5 caracteres e no máximo 10 caracteres</doc>
<tag>US-001</tag>
<tag>Usuarios</tag>
<status status="FAIL" start="2025-09-16T02:44:51.784771" elapsed="0.169391">Url: http://3.86.250.45:3000/usuarios Expected status: 201 != 400</status>
</test>
<test id="s1-s3-t8" name="CT-008: Validar ações em usuários inexistentes" line="81">
<kw name="GET On Session" owner="RequestsLibrary">
<msg time="2025-09-16T02:44:52.109954" level="INFO">GET Request : url=http://3.86.250.45:3000/usuarios/ID_INEXISTENTE_123 
 path_url=/usuarios/ID_INEXISTENTE_123 
 headers={'User-Agent': 'python-requests/2.32.5', 'Accept-Encoding': 'gzip, deflate', 'Accept': '*/*', 'Connection': 'keep-alive'} 
 body=None 
 </msg>
<msg time="2025-09-16T02:44:52.110131" level="INFO">GET Response : url=http://3.86.250.45:3000/usuarios/ID_INEXISTENTE_123 
 status=400, reason=Bad Request 
 headers={'Access-Control-Allow-Origin': '*', 'x-dns-prefetch-control': 'off', 'x-frame-options': 'SAMEORIGIN', 'strict-transport-security': 'max-age=15552000; includeSubDomains', 'x-download-options': 'noopen', 'x-content-type-options': 'nosniff', 'x-xss-protection': '1; mode=block', 'Content-Type': 'application/json; charset=utf-8', 'Content-Length': '67', 'Date': 'Tue, 16 Sep 2025 05:44:51 GMT', 'Connection': 'keep-alive', 'Keep-Alive': 'timeout=5'} 
 body={
    "id": "id deve ter exatamente 16 caracteres alfanuméricos"
} 
 </msg>
<msg time="2025-09-16T02:44:52.110358" level="INFO">${response_get} = &lt;Response [400]&gt;</msg>
<var>${response_get}</var>
<arg>serverest</arg>
<arg>/usuarios/ID_INEXISTENTE_123</arg>
<arg>expected_status=400</arg>
<doc>Sends a GET request on a previously created HTTP Session.</doc>
<status status="PASS" start="2025-09-16T02:44:51.957026" elapsed="0.153388"/>
</kw>
<kw name="Should Be Equal As Integers" owner="BuiltIn">
<msg time="2025-09-16T02:44:52.112139" level="INFO">Argument types are:
&lt;class 'int'&gt;
&lt;class 'str'&gt;</msg>
<arg>${response_get.status_code}</arg>
<arg>400</arg>
<doc>Fails if objects are unequal after converting them to integers.</doc>
<status status="PASS" start="2025-09-16T02:44:52.111140" elapsed="0.001116"/>
</kw>
<kw name="Log To Console" owner="BuiltIn">
<arg>Resposta GET usuário inexistente: ${response_get.json()}</arg>
<doc>Logs the given message to the console.</doc>
<status status="PASS" start="2025-09-16T02:44:52.112657" elapsed="0.008093"/>
</kw>
<kw name="DELETE On Session" owner="RequestsLibrary">
<msg time="2025-09-16T02:44:52.282396" level="INFO">DELETE Request : url=http://3.86.250.45:3000/usuarios/ID_INEXISTENTE_123 
 path_url=/usuarios/ID_INEXISTENTE_123 
 headers={'User-Agent': 'python-requests/2.32.5', 'Accept-Encoding': 'gzip, deflate', 'Accept': '*/*', 'Connection': 'keep-alive', 'Content-Length': '0'} 
 body=None 
 </msg>
<msg time="2025-09-16T02:44:52.282533" level="INFO">DELETE Response : url=http://3.86.250.45:3000/usuarios/ID_INEXISTENTE_123 
 status=200, reason=OK 
 headers={'Access-Control-Allow-Origin': '*', 'x-dns-prefetch-control': 'off', 'x-frame-options': 'SAMEORIGIN', 'strict-transport-security': 'max-age=15552000; includeSubDomains', 'x-download-options': 'noopen', 'x-content-type-options': 'nosniff', 'x-xss-protection': '1; mode=block', 'Content-Type': 'application/json; charset=utf-8', 'Content-Length': '46', 'Date': 'Tue, 16 Sep 2025 05:44:51 GMT', 'Connection': 'keep-alive', 'Keep-Alive': 'timeout=5'} 
 body={
    "message": "Nenhum registro excluído"
} 
 </msg>
<msg time="2025-09-16T02:44:52.283064" level="FAIL">Url: http://3.86.250.45:3000/usuarios/ID_INEXISTENTE_123 Expected status: 200 != 400</msg>
<var>${response_delete}</var>
<arg>serverest</arg>
<arg>/usuarios/ID_INEXISTENTE_123</arg>
<arg>expected_status=400</arg>
<doc>Sends a DELETE request on a previously created HTTP Session.</doc>
<status status="FAIL" start="2025-09-16T02:44:52.122279" elapsed="0.163191">Url: http://3.86.250.45:3000/usuarios/ID_INEXISTENTE_123 Expected status: 200 != 400</status>
</kw>
<kw name="Should Be Equal As Integers" owner="BuiltIn">
<arg>${response_delete.status_code}</arg>
<arg>400</arg>
<doc>Fails if objects are unequal after converting them to integers.</doc>
<status status="NOT RUN" start="2025-09-16T02:44:52.286050" elapsed="0.000063"/>
</kw>
<kw name="Log To Console" owner="BuiltIn">
<arg>Resposta DELETE usuário inexistente: ${response_delete.json()}</arg>
<doc>Logs the given message to the console.</doc>
<status status="NOT RUN" start="2025-09-16T02:44:52.286752" elapsed="0.000066"/>
</kw>
<doc>AC: Não deverá ser possível fazer ações e chamadas para usuários inexistentes</doc>
<tag>US-001</tag>
<tag>Usuarios</tag>
<status status="FAIL" start="2025-09-16T02:44:51.955979" elapsed="0.331382">Url: http://3.86.250.45:3000/usuarios/ID_INEXISTENTE_123 Expected status: 200 != 400</status>
</test>
<test id="s1-s3-t9" name="CT-009: Listar todos os usuários" line="92">
<kw name="GET On Session" owner="RequestsLibrary">
<msg time="2025-09-16T02:44:52.446504" level="INFO">GET Request : url=http://3.86.250.45:3000/usuarios 
 path_url=/usuarios 
 headers={'User-Agent': 'python-requests/2.32.5', 'Accept-Encoding': 'gzip, deflate', 'Accept': '*/*', 'Connection': 'keep-alive'} 
 body=None 
 </msg>
<msg time="2025-09-16T02:44:52.447794" level="INFO">GET Response : url=http://3.86.250.45:3000/usuarios 
 status=200, reason=OK 
 headers={'Access-Control-Allow-Origin': '*', 'x-dns-prefetch-control': 'off', 'x-frame-options': 'SAMEORIGIN', 'strict-transport-security': 'max-age=15552000; includeSubDomains', 'x-download-options': 'noopen', 'x-content-type-options': 'nosniff', 'x-xss-protection': '1; mode=block', 'Content-Type': 'application/json; charset=utf-8', 'Content-Length': '7739', 'Date': 'Tue, 16 Sep 2025 05:44:52 GMT', 'Connection': 'keep-alive', 'Keep-Alive': 'timeout=5'} 
 body={
    "quantidade": 35,
    "usuarios": [
        {
            "nome": "Fulano da Silva",
            "email": "fulano@qa.com",
            "password": "teste",
            "administrador": "true",
            "_id": "0uxuPY0cbmQhpEz1"
        },
        {
            "nome": "Usuario B",
            "email": "oliver83@example.org",
            "password": "teste123",
            "administrador": "true",
            "_id": "6NNbahM8BBC4xqxN"
        },
        {
            "nome": "Usuario A",
            "email": "luccaleao@example.com",
            "password": "teste123",
            "administrador": "true",
            "_id": "7QdfxYi1MURj0TtP"
        },
        {
            "nome": "Luiz Fernando Monteiro",
            "email": "cardosodiogo@example.org",
            "password": "^J#U1^Snt^",
            "administrador": "true",
            "_id": "Al8UfSKKX8lFauDR"
        },
        {
            "nome": "Usuario Gmail 556459",
            "email": "teste556459@gmail.com",
            "password": "teste123",
            "administrador": "true",
            "_id": "CmLhyygv11DvhSh6"
        },
        {
            "nome": "Usuario B",
            "email": "tfonseca@example.org",
            "password": "teste123",
            "administrador": "true",
            "_id": "DNe1tEAgInpzjqLG"
        },
        {
            "nome": "Usuario Original",
            "email": "carlos-eduardo24@example.org",
            "password": "teste123",
            "administrador": "true",
            "_id": "G8c0KdugEyDqXrRj"
        },
        {
            "nome": "Usuario Novo PUT",
            "email": "maria-alicefogaca@example.com",
            "password": "teste123",
            "administrador": "true",
            "_id": "HucPGykIEmuZF72y"
        },
        {
            "nome": "Usuario A",
            "email": "arthur-miguelfogaca@example.net",
            "password": "teste123",
            "administrador": "true",
            "_id": "Hx29GKrcuHNKKO5I"
        },
        {
            "nome": "Usuario Login",
            "email": "cecilia73@example.com",
            "password": "teste123",
            "administrador": "true",
            "_id": "I7KiWDt3gxtefZKA"
        },
        {
            "nome": "Robot Framework User",
            "email": "trezende@example.net",
            "password": "teste123",
            "administrador": "true",
            "_id": "KfZCygvLTQjZWKMg"
        },
        {
            "nome": "Usuario Hotmail 556459",
            "email": "teste556459@hotmail.com",
            "password": "teste123",
            "administrador": "true",
            "_id": "Ks1cvBtRGDmBuDh3"
        },
        {
            "nome": "Usuario B",
            "email": "stephanysouza@example.net",
            "password": "teste123",
            "administrador": "true",
            "_id": "Kwu3WgPyXXYYsBGA"
        },
        {
            "nome": "Usuario Senha Curta",
            "email": "ksa@example.org",
            "password": "1234",
            "administrador": "true",
            "_id": "LccHI0hFQfaB0rie"
        },
        {
            "nome": "Robot Framework User",
            "email": "caua27@example.com",
            "password": "teste123",
            "administrador": "true",
            "_id": "LfqMUuKP7rjO4m5Q"
        },
        {
            "nome": "Usuario Senha Longa",
            "email": "da-rochamaria-luiza@example.net",
            "password": "12345678901",
            "administrador": "true",
            "_id": "M3ZuKHh7AfcYLuvk"
        },
        {
            "nome": "Usuario Senha Curta",
            "email": "vguerra@example.org",
            "password": "1234",
            "administrador": "true",
            "_id": "Ocwtn1iZbGVZMCnr"
        },
        {
            "nome": "Usuario Original",
            "email": "lavinia16@example.org",
            "password": "teste123",
            "administrador": "true",
            "_id": "PIHB7o0XWeQVBwod"
        },
        {
            "nome": "Usuario Novo PUT",
            "email": "joaquim49@example.com",
            "password": "teste123",
            "administrador": "true",
            "_id": "QzCOqRyhTWaHcvpS"
        },
        {
            "nome": "Robot Framework User",
            "email": "fborges@example.org",
            "password": "teste123",
            "administrador": "true",
            "_id": "UrD5vMAguWmIp3bU"
        },
        {
            "nome": "Usuario Gmail 642155",
            "email": "teste642155@gmail.com",
            "password": "teste123",
            "administrador": "true",
            "_id": "V8GEuZ02Lzwg0nUC"
        },
        {
            "nome": "Usuario Token Expira",
            "email": "albuquerquezoe@example.org",
            "password": "teste123",
            "administrador": "true",
            "_id": "WALArtwV61bVq6Cl"
        },
        {
            "nome": "Usuario Senha Longa",
            "email": "dalmeida@example.net",
            "password": "12345678901",
            "administrador": "true",
            "_id": "a98umouPfcuikLbv"
        },
        {
            "nome": "Usuario Token Expira",
            "email": "caleb44@example.org",
            "password": "teste123",
            "administrador": "true",
            "_id": "gznI0sOsYZ6VxTr4"
        },
        {
            "nome": "Usuario Senha Longa",
            "email": "nrodrigues@example.org",
            "password": "12345678901",
            "administrador": "true",
            "_id": "m5j2jy79PAgt0GEs"
        },
        {
            "nome": "Usuario A",
            "email": "camposjosue@example.org",
            "password": "teste123",
            "administrador": "true",
            "_id": "mYF3FmGKAcvt2suu"
        },
        {
            "nome": "Usuario Gmail 507217",
            "email": "teste507217@gmail.com",
            "password": "teste123",
            "administrador": "true",
            "_id": "nwRQOOeMyyl11yAV"
        },
        {
            "nome": "Usuario Login",
            "email": "sdas-neves@example.net",
            "password": "teste123",
            "administrador": "true",
            "_id": "nzgGQ67AvM57on95"
        },
        {
            "nome": "Usuario Hotmail 507217",
            "email": "teste507217@hotmail.com",
            "password": "teste123",
            "administrador": "true",
            "_id": "ofVm1OM7ETMraA9a"
        },
        {
            "nome": "Julia da Luz",
            "email": "souzajoao-lucas@example.com",
            "password": "(DQwMnd888",
            "administrador": "true",
            "_id": "qYDvKPU7qcYKjKNI"
        },
        {
            "nome": "Usuario Senha Errada",
            "email": "levi05@example.com",
            "password": "teste123",
            "administrador": "true",
            "_id": "tP0u5qgsByrShb9i"
        },
        {
            "nome": "Usuario Senha Curta",
            "email": "siqueiraana-julia@example.net",
            "password": "1234",
            "administrador": "true",
            "_id": "ufyM5C4KeiTOHYiD"
        },
        {
            "nome": "Usuario Novo PUT",
            "email": "breno31@example.com",
            "password": "teste123",
            "administrador": "true",
            "_id": "unlHK1ZnBRTCEW1u"
        },
        {
            "nome": "Usuario Senha Errada",
            "email": "salmeida@example.org",
            "password": "teste123",
            "administrador": "true",
            "_id": "w9ixGWd8iMLMgS1h"
        },
        {
            "nome": "Usuario Original",
            "email": "maria-julia90@example.net",
            "password": "teste123",
            "administrador": "true",
            "_id": "xqITilekcEm0SVKr"
        }
    ]
} 
 </msg>
<msg time="2025-09-16T02:44:52.451765" level="INFO">${response} = &lt;Response [200]&gt;</msg>
<var>${response}</var>
<arg>serverest</arg>
<arg>/usuarios</arg>
<doc>Sends a GET request on a previously created HTTP Session.</doc>
<status status="PASS" start="2025-09-16T02:44:52.289661" elapsed="0.162317"/>
</kw>
<kw name="Should Be Equal As Integers" owner="BuiltIn">
<msg time="2025-09-16T02:44:52.461877" level="INFO">Argument types are:
&lt;class 'int'&gt;
&lt;class 'str'&gt;</msg>
<arg>${response.status_code}</arg>
<arg>200</arg>
<doc>Fails if objects are unequal after converting them to integers.</doc>
<status status="PASS" start="2025-09-16T02:44:52.459772" elapsed="0.002567"/>
</kw>
<kw name="Dictionary Should Contain Key" owner="Collections">
<arg>${response.json()}</arg>
<arg>usuarios</arg>
<doc>Fails if ``key`` is not found from ``dictionary``.</doc>
<status status="PASS" start="2025-09-16T02:44:52.463881" elapsed="0.003734"/>
</kw>
<kw name="Dictionary Should Contain Key" owner="Collections">
<arg>${response.json()}</arg>
<arg>quantidade</arg>
<doc>Fails if ``key`` is not found from ``dictionary``.</doc>
<status status="PASS" start="2025-09-16T02:44:52.469799" elapsed="0.001871"/>
</kw>
<doc>DoD: CRUD de cadastro de vendedores (usuários) implementado (LISTAR)</doc>
<tag>US-001</tag>
<tag>Usuarios</tag>
<status status="PASS" start="2025-09-16T02:44:52.288665" elapsed="0.184028"/>
</test>
<status status="FAIL" start="2025-09-16T02:44:49.991810" elapsed="2.484394"/>
</suite>
<status status="FAIL" start="2025-09-16T02:33:44.732661" elapsed="667.792142"/>
</suite>
<statistics>
<total>
<stat pass="12" fail="6" skip="1">All Tests</stat>
</total>
<tag>
<stat pass="3" fail="1" skip="0">Login</stat>
<stat pass="0" fail="0" skip="1">Pendente</stat>
<stat pass="4" fail="1" skip="1">Produtos</stat>
<stat pass="0" fail="1" skip="0">Slow</stat>
<stat pass="5" fail="4" skip="0">US-001</stat>
<stat pass="3" fail="1" skip="0">US-002</stat>
<stat pass="4" fail="1" skip="1">US-003</stat>
<stat pass="5" fail="4" skip="0">Usuarios</stat>
</tag>
<suite>
<stat name="Tests" id="s1" pass="12" fail="6" skip="1">Tests</stat>
<stat name="Login" id="s1-s1" pass="3" fail="1" skip="0">Tests.Login</stat>
<stat name="Produtos" id="s1-s2" pass="4" fail="1" skip="1">Tests.Produtos</stat>
<stat name="Usuarios" id="s1-s3" pass="5" fail="4" skip="0">Tests.Usuarios</stat>
</suite>
</statistics>
<errors>
</errors>
</robot>
